<?xml version="1.0" encoding="utf-8"?>
<log>
  <entry date="2017-01-18T23:10:55.1140865Z" severity="General" stage="General">
    <context>Agent</context>
    <message>NMSP, Version=6.3.1.1191, Culture=neutral, PublicKeyToken=47a476656d73eed4</message>
    <stackTrace />
  </entry>
  <entry date="2017-01-18T23:10:55.1245856Z" severity="General" stage="General">
    <context>User</context>
    <message>nghie</message>
    <stackTrace />
  </entry>
  <entry date="2017-01-18T23:10:55.125087Z" severity="General" stage="General">
    <context>Machine</context>
    <message>DESKTOP-6KT7VNU (Microsoft Windows NT 6.2.9200.0)</message>
    <stackTrace />
  </entry>
  <entry date="2017-01-18T23:10:55.125087Z" severity="General" stage="General">
    <context>Job Name</context>
    <message>Admin-Developer Keyword</message>
    <stackTrace />
  </entry>
  <entry date="2017-01-18T23:10:55.1260865Z" severity="General" stage="General">
    <context>Job</context>
    <message>&lt;?xml version="1.0" encoding="utf-8"?&gt;
&lt;TransferJob xmlns:xsi="http://www.w3.org/2001/XMLSchema-instance" xmlns:xsd="http://www.w3.org/2001/XMLSchema" Name="Admin-Developer Keyword" Description="" Version="4.0.0.0"&gt;
  &lt;QuerySource xsi:type="NotesQuerySource"&gt;
    &lt;ConnectionString&gt;database=C:\\Users\\nghie\\Desktop\\DPM PAMS v2.1\\dpmpamV21.nsf; server=local;&lt;/ConnectionString&gt;
  &lt;/QuerySource&gt;
  &lt;SourceDefinition Name="DPM PAMS v2.1" Description="Admin\ Developer Keyword" Templates="DPM PAMS v2.1" ListTypes=""&gt;
    &lt;QuerySpec xsi:type="NotesQuerySpec"&gt;
      &lt;From /&gt;
      &lt;Forms&gt;Admin \ Developer Keyword|DevKey&lt;/Forms&gt;
      &lt;Search /&gt;
      &lt;Formula /&gt;
      &lt;Column ColumnType="Item" Value="AuthorUse" ReturnType="String" /&gt;
      &lt;Column ColumnType="Item" Value="CreatedBy" ReturnType="String" /&gt;
      &lt;Column ColumnType="Item" Value="Creator" ReturnType="String" /&gt;
      &lt;Column ColumnType="Item" Value="DateComposed" ReturnType="Date" /&gt;
      &lt;Column ColumnType="Item" Value="DevKeyword" ReturnType="String" Option="Multi" /&gt;
      &lt;Column ColumnType="Item" Value="DevKeywordDescr" ReturnType="String" /&gt;
      &lt;Column ColumnType="Item" Value="DevKeywordType" ReturnType="String" /&gt;
      &lt;Column ColumnType="Item" Value="DevRoleKeyword" ReturnType="String" Option="Multi" /&gt;
      &lt;Column ColumnType="Item" Value="DocAuthor" ReturnType="String" Option="Multi" /&gt;
      &lt;Column ColumnType="Item" Value="ReaderUse" ReturnType="String" /&gt;
      &lt;Column ColumnType="Item" Value="StatusUse" ReturnType="String" Option="Multi" /&gt;
      &lt;Column ColumnType="Item" Value="tim_EDate" ReturnType="Date" /&gt;
      &lt;Column ColumnType="Item" Value="txt_DocDesc" ReturnType="String" /&gt;
      &lt;Column ColumnType="Item" Value="txt_EditBy" ReturnType="String" /&gt;
    &lt;/QuerySpec&gt;
  &lt;/SourceDefinition&gt;
  &lt;SharePointConnection&gt;
    &lt;Web&gt;https://teamssv.dupont.com/sites/teams_Kevlar_Expansion/temp_nghiep/&lt;/Web&gt;
    &lt;List&gt;Admin\Developer Keyword&lt;/List&gt;
  &lt;/SharePointConnection&gt;
  &lt;JobOptions&gt;
    &lt;AutoCreateFields&gt;true&lt;/AutoCreateFields&gt;
    &lt;PreserveIdentities&gt;true&lt;/PreserveIdentities&gt;
    &lt;PreserveDates&gt;true&lt;/PreserveDates&gt;
    &lt;SkipRecords&gt;1&lt;/SkipRecords&gt;
    &lt;QueryOptions xsi:type="NotesRuntimeQueryOptions"&gt;
      &lt;DeleteMigratedDocuments&gt;false&lt;/DeleteMigratedDocuments&gt;
      &lt;ExtractRecurrencePatterns&gt;false&lt;/ExtractRecurrencePatterns&gt;
      &lt;ExtractDocSecurity&gt;false&lt;/ExtractDocSecurity&gt;
    &lt;/QueryOptions&gt;
    &lt;UserMappingOptions&gt;
      &lt;MappingFailureSubstitution&gt;DefaultIdentity&lt;/MappingFailureSubstitution&gt;
      &lt;UseMappingFailureSubstitutionForUserFields&gt;true&lt;/UseMappingFailureSubstitutionForUserFields&gt;
      &lt;DefaultUserName&gt;PAULA.BEYER.HIETPAS@dupont.com&lt;/DefaultUserName&gt;
    &lt;/UserMappingOptions&gt;
    &lt;LinkConversionOptions /&gt;
  &lt;/JobOptions&gt;
  &lt;SecurityMapping Enabled="false"&gt;
    &lt;AccessLevelMappings&gt;
      &lt;AccessLevelMapping NotesAccessLevel="Reader" SharePointPermissionLevel="Read" SharePointGroup="{Visitors}" /&gt;
      &lt;AccessLevelMapping NotesAccessLevel="Author" SharePointPermissionLevel="Read" SharePointGroup="{Visitors}" /&gt;
      &lt;AccessLevelMapping NotesAccessLevel="Editor" SharePointPermissionLevel="Contribute" SharePointGroup="{Members}" /&gt;
      &lt;AccessLevelMapping NotesAccessLevel="Designer" SharePointPermissionLevel="Design" SharePointGroup="{Members}" /&gt;
      &lt;AccessLevelMapping NotesAccessLevel="Manager" SharePointPermissionLevel="Full Control" SharePointGroup="{Owners}" /&gt;
      &lt;AccessLevelMapping NotesAccessLevel="Can Create" /&gt;
      &lt;AccessLevelMapping NotesAccessLevel="Can Delete" /&gt;
    &lt;/AccessLevelMappings&gt;
    &lt;MapACLUsers&gt;false&lt;/MapACLUsers&gt;
    &lt;MapACLGroups&gt;false&lt;/MapACLGroups&gt;
    &lt;MapACLRoles /&gt;
  &lt;/SecurityMapping&gt;
  &lt;SharePointTargetDefinition Name="DPM PAMS v2.1" Description="Admin\ Developer Keyword" Templates="" SharePointTemplates="Custom List"&gt;
    &lt;ExtractIcons&gt;false&lt;/ExtractIcons&gt;
    &lt;IsDocLib&gt;false&lt;/IsDocLib&gt;
    &lt;IsDiscussion&gt;false&lt;/IsDiscussion&gt;
    &lt;IsEvents&gt;false&lt;/IsEvents&gt;
    &lt;AllowAttachments&gt;false&lt;/AllowAttachments&gt;
    &lt;Field Name="Document Description" Type="Text" NotesItems="txt_DocDesc" /&gt;
    &lt;Field Name="Developer Keyword Type" Type="Text" NotesItems="DevKeywordType" /&gt;
    &lt;Field Name="Developer Keyword(s)" Type="Text" NotesItems="DevKeyword" IsTitleField="true" /&gt;
    &lt;Field Name="Developer Role Keyword(s)" Type="Text" NotesItems="DevRoleKeyword" /&gt;
    &lt;Field Name="Authors Fields Use" Type="Text" NotesItems="AuthorUse" /&gt;
    &lt;Field Name="Readers Field Use" Type="Text" NotesItems="ReaderUse" /&gt;
    &lt;Field Name="Status Used" Type="Text" NotesItems="StatusUse" /&gt;
    &lt;Field Name="Description" Type="Text" NotesItems="DevKeywordDescr" /&gt;
    &lt;Field Name="DocAuthor" Type="Text" NotesItems="DocAuthor" /&gt;
    &lt;Field Name="Folder" Type="Folder" /&gt;
    &lt;Field Name="Title" Type="Text" NotesItems="Subject;Title" /&gt;
    &lt;ViewsOverwriteExisting&gt;false&lt;/ViewsOverwriteExisting&gt;
    &lt;View Name="Admin\Developer" IsDefault="true"&gt;
      &lt;Column&gt;Title (linked to item)&lt;/Column&gt;
      &lt;Column&gt;Developer Keyword Type&lt;/Column&gt;
      &lt;Column&gt;Developer Role Keyword(s)&lt;/Column&gt;
      &lt;Column&gt;Status Used&lt;/Column&gt;
      &lt;Column&gt;Authors Fields Use&lt;/Column&gt;
      &lt;Column&gt;Readers Field Use&lt;/Column&gt;
      &lt;Column&gt;Description&lt;/Column&gt;
      &lt;OrderColumn1Name&gt;Developer Keyword Type&lt;/OrderColumn1Name&gt;
      &lt;OrderColumn1Ascending&gt;true&lt;/OrderColumn1Ascending&gt;
      &lt;OrderColumn2Name&gt;Developer Keyword(s)&lt;/OrderColumn2Name&gt;
      &lt;OrderColumn2Ascending&gt;true&lt;/OrderColumn2Ascending&gt;
      &lt;SortOnlyBySpecifiedCriteria&gt;false&lt;/SortOnlyBySpecifiedCriteria&gt;
      &lt;GroupByColumn1Name /&gt;
      &lt;GroupByColumn1Ascending&gt;false&lt;/GroupByColumn1Ascending&gt;
      &lt;GroupByColumn2Name /&gt;
      &lt;GroupByColumn2Ascending&gt;false&lt;/GroupByColumn2Ascending&gt;
      &lt;ExpandGroups&gt;false&lt;/ExpandGroups&gt;
      &lt;GroupsPerPage&gt;100&lt;/GroupsPerPage&gt;
      &lt;IsFiltered&gt;false&lt;/IsFiltered&gt;
      &lt;ShowItemsInsideTheirFolders&gt;true&lt;/ShowItemsInsideTheirFolders&gt;
      &lt;FolderOption&gt;InAllFolders&lt;/FolderOption&gt;
      &lt;NumberItemsToDisplay&gt;100&lt;/NumberItemsToDisplay&gt;
      &lt;DisplayItemsInBatches&gt;true&lt;/DisplayItemsInBatches&gt;
      &lt;FolderContentType /&gt;
    &lt;/View&gt;
  &lt;/SharePointTargetDefinition&gt;
  &lt;Mapping Destination="Authors Fields Use" SourceValue="AuthorUse" /&gt;
  &lt;Mapping Destination="Developer Keyword(s)" SourceValue="DevKeyword" /&gt;
  &lt;Mapping Destination="Description" SourceValue="DevKeywordDescr" /&gt;
  &lt;Mapping Destination="Developer Keyword Type" SourceValue="DevKeywordType" /&gt;
  &lt;Mapping Destination="Developer Role Keyword(s)" SourceValue="DevRoleKeyword" /&gt;
  &lt;Mapping Destination="DocAuthor" SourceValue="DocAuthor" /&gt;
  &lt;Mapping Destination="Readers Field Use" SourceValue="ReaderUse" /&gt;
  &lt;Mapping Destination="Status Used" SourceValue="StatusUse" /&gt;
  &lt;Mapping Destination="Document Description" SourceValue="txt_DocDesc" /&gt;
&lt;/TransferJob&gt;</message>
    <stackTrace />
  </entry>
  <entry date="2017-01-18T23:10:55.1300881Z" severity="General" stage="General">
    <context>Global Options</context>
    <message>&lt;?xml version="1.0" encoding="utf-8"?&gt;
&lt;Options xmlns:xsi="http://www.w3.org/2001/XMLSchema-instance" xmlns:xsd="http://www.w3.org/2001/XMLSchema"&gt;
  &lt;m_maxGroupSize&gt;100&lt;/m_maxGroupSize&gt;
  &lt;DatabaseDispositions&gt;
    &lt;Disposition Name="" DispositionType="Undecided" /&gt;
    &lt;Disposition Name="Migrate to standard SharePoint targets" DispositionType="Migrate to SharePoint" /&gt;
    &lt;Disposition Name="Migrate to customized SharePoint targets" DispositionType="Migrate to SharePoint" /&gt;
    &lt;Disposition Name="Migrate to developed SharePoint targets" DispositionType="Migrate to SharePoint" /&gt;
    &lt;Disposition Name="Leave in place" DispositionType="Leave in place" /&gt;
    &lt;Disposition Name="End-of-life" DispositionType="Delete" /&gt;
    &lt;Disposition Name="Delete" DispositionType="Delete" /&gt;
  &lt;/DatabaseDispositions&gt;
  &lt;LogFilesPath&gt;D:\FPT\QUEST-FILES\Log Files&lt;/LogFilesPath&gt;
  &lt;DesignCopyPath&gt;C:\ProgramData\Quest Software\Notes Migrator For SharePoint\6.0\Design Copies&lt;/DesignCopyPath&gt;
  &lt;IdentityMappingOptions&gt;
    &lt;IdentityMappingType&gt;Users&lt;/IdentityMappingType&gt;
    &lt;IdentityLookupMode&gt;MappingFileLookup&lt;/IdentityLookupMode&gt;
    &lt;NotesIdPassword&gt;kq8cfRVf71FkIjZYrwYt6g==&lt;/NotesIdPassword&gt;
    &lt;LookupCache /&gt;
    &lt;MappingFile&gt;
      &lt;Path&gt;C:\Users\nghie\Desktop\DPM PAMS v2.1\Migration User Mapping\dpmpamV21.xml&lt;/Path&gt;
    &lt;/MappingFile&gt;
    &lt;NotesDatabase&gt;
      &lt;DatabasePath&gt;UserMapping.nsf&lt;/DatabasePath&gt;
    &lt;/NotesDatabase&gt;
    &lt;DominoDirectory&gt;
      &lt;FromNotesNameView&gt;$Users&lt;/FromNotesNameView&gt;
      &lt;FromNotesNameItem&gt;WindowsName&lt;/FromNotesNameItem&gt;
      &lt;FromDomainNameView&gt;ByWindowsLogin&lt;/FromDomainNameView&gt;
      &lt;FromDomainNameItem&gt;FullName&lt;/FromDomainNameItem&gt;
    &lt;/DominoDirectory&gt;
    &lt;Adsi&gt;
      &lt;AdsiLoginPassword&gt;4GE1ctUMvPk=&lt;/AdsiLoginPassword&gt;
      &lt;AdsiFromDomainNameQuery&gt;(&amp;amp;(ObjectClass=Person)(distinguishedName={0}))&lt;/AdsiFromDomainNameQuery&gt;
      &lt;AdsiFromNotesNameQuery&gt;(&amp;amp;(ObjectClass=Person)(distinguishedName={0}))&lt;/AdsiFromNotesNameQuery&gt;
    &lt;/Adsi&gt;
  &lt;/IdentityMappingOptions&gt;
  &lt;GroupIdentityMappingOptions&gt;
    &lt;IdentityMappingType&gt;Groups&lt;/IdentityMappingType&gt;
    &lt;NotesIdPassword&gt;kq8cfRVf71FkIjZYrwYt6g==&lt;/NotesIdPassword&gt;
    &lt;LookupCache /&gt;
    &lt;MappingFile&gt;
      &lt;Path&gt;GroupMapping.xml&lt;/Path&gt;
    &lt;/MappingFile&gt;
    &lt;NotesDatabase&gt;
      &lt;DatabasePath&gt;GroupMapping.nsf&lt;/DatabasePath&gt;
    &lt;/NotesDatabase&gt;
    &lt;DominoDirectory&gt;
      &lt;FromNotesNameView&gt;$Groups&lt;/FromNotesNameView&gt;
      &lt;FromNotesNameItem&gt;WindowsName&lt;/FromNotesNameItem&gt;
      &lt;FromDomainNameView&gt;ByWindowsGroup&lt;/FromDomainNameView&gt;
      &lt;FromDomainNameItem&gt;ListName&lt;/FromDomainNameItem&gt;
    &lt;/DominoDirectory&gt;
    &lt;Adsi&gt;
      &lt;AdsiLoginPassword&gt;4GE1ctUMvPk=&lt;/AdsiLoginPassword&gt;
      &lt;AdsiFromDomainNameQuery&gt;(&amp;amp;(ObjectClass=Group)(distinguishedName={0}))&lt;/AdsiFromDomainNameQuery&gt;
      &lt;AdsiFromNotesNameQuery&gt;(&amp;amp;(ObjectClass=Group)(distinguishedName={0}))&lt;/AdsiFromNotesNameQuery&gt;
    &lt;/Adsi&gt;
  &lt;/GroupIdentityMappingOptions&gt;
  &lt;LinkTrackingOptions /&gt;
  &lt;ReportingOptions /&gt;
  &lt;BlockedExtensions&gt;ade|adp|app|asa|ashx|asmx|asp|bas|bat|cdx|cer|chm|class|cmd|cnt|com|config|cpl|crt|csh|der|dll|exe|fxp|gadget|hlp|hpj|hta|htr|htw|ida|idc|idq|ins|isp|its|jse|ksh|lnk|mad|maf|mag|mam|maq|mar|mas|mat|mau|mav|maw|mda|mdb|mde|mdt|mdw|mdz|msc|msh|msh1|msh1xml|msh2|msh2xml|mshxml|msi|msp|mst|ops|pcd|pif|prf|prg|printer|ps1|ps1xml|ps2|ps2xml|psc1|psc2|pst|reg|rem|scf|scr|sct|shb|shs|shtm|shtml|soap|stm|url|vb|vbe|vbs|ws|wsc|wsf|wsh&lt;/BlockedExtensions&gt;
  &lt;SharePointEnvironments&gt;
    &lt;SharePointEnvironment Name="Default" IsDefault="true" EnvironmentType="RemoteWebServicesClassicModeAuthentication"&gt;
      &lt;Settings xsi:type="ClientWebServicesEnvironmentSettings"&gt;
        &lt;CredentialsExpirationInterval&gt;0&lt;/CredentialsExpirationInterval&gt;
      &lt;/Settings&gt;
    &lt;/SharePointEnvironment&gt;
  &lt;/SharePointEnvironments&gt;
  &lt;ScanCatalogs&gt;false&lt;/ScanCatalogs&gt;
  &lt;ScanServers&gt;false&lt;/ScanServers&gt;
  &lt;MasterCatalog&gt;
    &lt;CatalogServer /&gt;
    &lt;CatalogPath&gt;QuestRepository.nsf&lt;/CatalogPath&gt;
  &lt;/MasterCatalog&gt;
  &lt;ReadOnlyRepository&gt;false&lt;/ReadOnlyRepository&gt;
  &lt;CatalogUpdateMachine /&gt;
  &lt;CatalogDatabases /&gt;
  &lt;ScanLocations /&gt;
  &lt;ExcludeServers /&gt;
  &lt;ExcludeTemplates /&gt;
  &lt;ExcludeClasses /&gt;
  &lt;ExcludeCategories /&gt;
  &lt;ExcludeFiles /&gt;
  &lt;ExcludeFolders /&gt;
  &lt;ExcludeUserNames /&gt;
  &lt;PreferredNotesServers /&gt;
  &lt;PreferredQuickPlaceServers /&gt;
  &lt;PreferredQuickrServers /&gt;
  &lt;PreferredDominoDocServers /&gt;
  &lt;DefaultDirectoryServer /&gt;
  &lt;MaxGroupSize&gt;100&lt;/MaxGroupSize&gt;
  &lt;PreferredDirectoryServers /&gt;
  &lt;EnableLinkTranslations&gt;false&lt;/EnableLinkTranslations&gt;
  &lt;LinkTranslations /&gt;
  &lt;CustomReportingDays&gt;0&lt;/CustomReportingDays&gt;
  &lt;MaxAnalysisTimeMinutes&gt;20&lt;/MaxAnalysisTimeMinutes&gt;
  &lt;ResponsibilityAssignmentNames /&gt;
  &lt;ComplexityDEIWeight&gt;5&lt;/ComplexityDEIWeight&gt;
  &lt;ComplexityDEIAverage&gt;true&lt;/ComplexityDEIAverage&gt;
  &lt;ComplexityDataWeight&gt;3&lt;/ComplexityDataWeight&gt;
  &lt;ComplexityDesignWeight&gt;0&lt;/ComplexityDesignWeight&gt;
  &lt;ComplexityDesignDelta&gt;true&lt;/ComplexityDesignDelta&gt;
  &lt;EffortUnitsLabel&gt;hours&lt;/EffortUnitsLabel&gt;
  &lt;SetDataAnalyzed&gt;true&lt;/SetDataAnalyzed&gt;
  &lt;SetDesignAnalyzed&gt;true&lt;/SetDesignAnalyzed&gt;
  &lt;SetTargetsIdentified&gt;true&lt;/SetTargetsIdentified&gt;
  &lt;SetJobsAssigned&gt;true&lt;/SetJobsAssigned&gt;
  &lt;SetContentMigrated&gt;true&lt;/SetContentMigrated&gt;
  &lt;ShowSetupWizardOnStartup&gt;true&lt;/ShowSetupWizardOnStartup&gt;
&lt;/Options&gt;</message>
    <stackTrace />
  </entry>
  <entry date="2017-01-18T23:10:55.1330897Z" severity="General" stage="General">
    <context>User Options</context>
    <message>&lt;?xml version="1.0" encoding="utf-8"?&gt;
&lt;UserOptions xmlns:xsi="http://www.w3.org/2001/XMLSchema-instance" xmlns:xsd="http://www.w3.org/2001/XMLSchema"&gt;
  &lt;AllowClearList&gt;true&lt;/AllowClearList&gt;
  &lt;DefaultUserMappingFailureSubstitution&gt;DefaultIdentity&lt;/DefaultUserMappingFailureSubstitution&gt;
  &lt;DefaultUserMappingUserName&gt;PAULA.BEYER.HIETPAS@dupont.com&lt;/DefaultUserMappingUserName&gt;
  &lt;SharePointCredentialsForEnvironments&gt;
    &lt;SharePointCredentialsForEnvironment environment="Default"&gt;
      &lt;SharePointCredentials&gt;
        &lt;UseWindowsAuthentication&gt;false&lt;/UseWindowsAuthentication&gt;
        &lt;LogonName&gt;dupontnet\gw3274n&lt;/LogonName&gt;
        &lt;Password&gt;18YdID5AhjnE2uloTm11tTLiEmF/B7f8&lt;/Password&gt;
        &lt;CookiesAcquired&gt;2017-01-10T14:52:26.7982001-08:00&lt;/CookiesAcquired&gt;
      &lt;/SharePointCredentials&gt;
    &lt;/SharePointCredentialsForEnvironment&gt;
  &lt;/SharePointCredentialsForEnvironments&gt;
  &lt;NotesQueryOptions&gt;
    &lt;IniFile /&gt;
    &lt;Password&gt;kq8cfRVf71FkIjZYrwYt6g==&lt;/Password&gt;
    &lt;StrictDataExtraction&gt;false&lt;/StrictDataExtraction&gt;
    &lt;CacheSize&gt;0&lt;/CacheSize&gt;
    &lt;DefaultNotesServer /&gt;
    &lt;DefaultQuickPlaceServer /&gt;
    &lt;DefaultQuickrServer /&gt;
    &lt;DefaultDominoDocServer /&gt;
  &lt;/NotesQueryOptions&gt;
  &lt;AtomQueryOptions&gt;
    &lt;User /&gt;
    &lt;Password /&gt;
    &lt;CacheSize&gt;0&lt;/CacheSize&gt;
    &lt;ConnectionsProfileServiceUrl /&gt;
    &lt;ConnectionsDiscoveryAddress /&gt;
  &lt;/AtomQueryOptions&gt;
  &lt;CustomViews /&gt;
  &lt;ServerNodes /&gt;
  &lt;DispositionNodes /&gt;
  &lt;TechnicalClassNodes /&gt;
  &lt;BusinessClassNodes /&gt;
&lt;/UserOptions&gt;</message>
    <stackTrace />
  </entry>
  <entry date="2017-01-18T23:10:55.1395857Z" severity="General" stage="General">
    <context>License</context>
    <message>[Notes Migrator for SharePoint]
Product name=Notes Migrator for SharePoint
Edition=Premier
License=126-233-810
Version=6.x
License Type=Ongoing
AboutText=Product: Notes Migrator for SharePoint%0D%0AVersion: 6.x%0D%0A%0D%0ALicense Number: 126-233-810%0D%0A%0D%0AEdition: Premier%0D%0A%0D%0ADatabases: 900%0D%0A%0D%0ALicense Type: Ongoing%0D%0A%0D%0A
Databases=900
Signature=B8952D63EFE9FADD6714B86C93B567BBE8F3D367B49BAD10D773121259BA980C2DC2442A89703D54EAE0BA9784611E5B916832338F7E63D8F395022BF091274F
Installation Time=1484083714
Product Installation Time=1561090288</message>
    <stackTrace />
  </entry>
  <entry date="2017-01-18T23:10:55.1400859Z" severity="General" stage="General">
    <context>SharePoint Environment</context>
    <message>Using SharePointEnvironment 'Default'</message>
    <stackTrace />
  </entry>
  <entry date="2017-01-18T23:10:55.1425858Z" severity="Informational" stage="General">
    <context>Reading Source data</context>
    <message />
    <stackTrace />
  </entry>
  <entry date="2017-01-18T23:10:55.1440859Z" severity="Informational" stage="Query">
    <context>QueryNotesData</context>
    <message>Begin query</message>
    <stackTrace />
  </entry>
  <entry date="2017-01-18T23:10:55.155086Z" severity="Informational" stage="General">
    <context>Notes Build</context>
    <message>805.03</message>
    <stackTrace />
  </entry>
  <entry date="2017-01-18T23:10:55.1555857Z" severity="Informational" stage="General">
    <context>Notes User</context>
    <message>Ngo Nghiep/Contractor/AE/DuPont</message>
    <stackTrace />
  </entry>
  <entry date="2017-01-18T23:10:55.1715849Z" severity="Informational" stage="Query">
    <context>QueryNotesData</context>
    <message>Begin query</message>
    <stackTrace />
  </entry>
  <entry date="2017-01-18T23:10:55.1871199Z" severity="Informational" stage="General">
    <context>Writing SharePoint data</context>
    <message />
    <stackTrace />
  </entry>
  <entry date="2017-01-18T23:11:15.2105676Z" severity="Informational" stage="Write">
    <context>Accessing SharePoint Web</context>
    <message>https://teamssv.dupont.com/sites/teams_Kevlar_Expansion/temp_nghiep</message>
    <stackTrace />
  </entry>
  <entry date="2017-01-18T23:11:22.5306306Z" severity="Informational" stage="Write">
    <context>Accessing SharePoint List</context>
    <message>Admin\Developer Keyword</message>
    <stackTrace />
  </entry>
  <entry date="2017-01-18T23:11:27.1163218Z" severity="Informational" stage="Write">
    <rec>1</rec>
    <context>Processing Notes Document</context>
    <unid>5464216989d1d5398525731d00428ac3</unid>
    <documentUrl>notes:///862580aa00576093/0/5464216989d1d5398525731d00428ac3</documentUrl>
    <message>5464216989d1d5398525731d00428ac3</message>
    <stackTrace />
  </entry>
  <entry date="2017-01-18T23:11:34.6343867Z" severity="Informational" stage="Write">
    <rec>1</rec>
    <context>Map User</context>
    <unid>5464216989d1d5398525731d00428ac3</unid>
    <documentUrl>notes:///862580aa00576093/0/5464216989d1d5398525731d00428ac3</documentUrl>
    <message>Input name 'CN=Robin H Rainier Developer/OU=AE/OU=DEV/O=DuPont' mapped to Windows login 'DUPONTNET\sb1654' (NOT CACHED)</message>
    <stackTrace />
  </entry>
  <entry date="2017-01-18T23:11:37.1692157Z" severity="Informational" stage="Write">
    <rec>1</rec>
    <context>Map User</context>
    <unid>5464216989d1d5398525731d00428ac3</unid>
    <documentUrl>notes:///862580aa00576093/0/5464216989d1d5398525731d00428ac3</documentUrl>
    <message>Found Windows Principal from name 'DUPONTNET\sb1654' with email='PAULA.BEYER.HIETPAS@dupont.com', display name='HIETPAS, PAULA BEYER', type='User'</message>
    <stackTrace />
  </entry>
  <entry date="2017-01-18T23:11:37.1692157Z" severity="Informational" stage="Write">
    <rec>1</rec>
    <context>Map User</context>
    <unid>5464216989d1d5398525731d00428ac3</unid>
    <documentUrl>notes:///862580aa00576093/0/5464216989d1d5398525731d00428ac3</documentUrl>
    <message>Creating new Site Collection User 'HIETPAS, PAULA BEYER' with Windows login 'i:0#.w|dupontnet\sb1654' and Email 'PAULA.BEYER.HIETPAS@dupont.com'</message>
    <stackTrace />
  </entry>
  <entry date="2017-01-18T23:12:01.5155846Z" severity="Informational" stage="Write">
    <rec>1</rec>
    <context>Map User</context>
    <unid>5464216989d1d5398525731d00428ac3</unid>
    <documentUrl>notes:///862580aa00576093/0/5464216989d1d5398525731d00428ac3</documentUrl>
    <message>Created Site Collection User number '34' with login='i:0#.w|dupontnet\sb1654', name='HIETPAS, PAULA BEYER', email='PAULA.BEYER.HIETPAS@dupont.com'</message>
    <stackTrace />
  </entry>
  <entry date="2017-01-18T23:12:01.5165838Z" severity="Informational" stage="Write">
    <rec>1</rec>
    <context>Map User</context>
    <unid>5464216989d1d5398525731d00428ac3</unid>
    <documentUrl>notes:///862580aa00576093/0/5464216989d1d5398525731d00428ac3</documentUrl>
    <message>Input name 'CN=Dennis H Lojek/OU=Contractor/OU=AE/O=DuPont' mapped to Windows login 'DUPONTNET\sb1654' (NOT CACHED)</message>
    <stackTrace />
  </entry>
  <entry date="2017-01-18T23:12:03.2871222Z" severity="Informational" stage="Write">
    <rec>1</rec>
    <context>Map User</context>
    <unid>5464216989d1d5398525731d00428ac3</unid>
    <documentUrl>notes:///862580aa00576093/0/5464216989d1d5398525731d00428ac3</documentUrl>
    <message>Found Windows Principal from name 'DUPONTNET\sb1654' with email='PAULA.BEYER.HIETPAS@dupont.com', display name='HIETPAS, PAULA BEYER', type='User'</message>
    <stackTrace />
  </entry>
  <entry date="2017-01-18T23:12:03.2881355Z" severity="Informational" stage="Write">
    <rec>1</rec>
    <context>Map User</context>
    <unid>5464216989d1d5398525731d00428ac3</unid>
    <documentUrl>notes:///862580aa00576093/0/5464216989d1d5398525731d00428ac3</documentUrl>
    <message>Creating new Site Collection User 'HIETPAS, PAULA BEYER' with Windows login 'i:0#.w|dupontnet\sb1654' and Email 'PAULA.BEYER.HIETPAS@dupont.com'</message>
    <stackTrace />
  </entry>
  <entry date="2017-01-18T23:12:28.5993874Z" severity="Informational" stage="Write">
    <rec>1</rec>
    <context>Map User</context>
    <unid>5464216989d1d5398525731d00428ac3</unid>
    <documentUrl>notes:///862580aa00576093/0/5464216989d1d5398525731d00428ac3</documentUrl>
    <message>Created Site Collection User number '34' with login='i:0#.w|dupontnet\sb1654', name='HIETPAS, PAULA BEYER', email='PAULA.BEYER.HIETPAS@dupont.com'</message>
    <stackTrace />
  </entry>
  <entry date="2017-01-18T23:12:40.6588695Z" severity="Informational" stage="Write">
    <rec>2</rec>
    <context>Processing Notes Document</context>
    <unid>633c66ec3c3fc2948525731d00428ac7</unid>
    <documentUrl>notes:///862580aa00576093/0/633c66ec3c3fc2948525731d00428ac7</documentUrl>
    <message>633c66ec3c3fc2948525731d00428ac7</message>
    <stackTrace />
  </entry>
  <entry date="2017-01-18T23:12:40.6701038Z" severity="Informational" stage="Write">
    <rec>2</rec>
    <context>Map User</context>
    <unid>633c66ec3c3fc2948525731d00428ac7</unid>
    <documentUrl>notes:///862580aa00576093/0/633c66ec3c3fc2948525731d00428ac7</documentUrl>
    <message>Input name 'CN=Robin H Rainier Developer/OU=AE/OU=DEV/O=DuPont' mapped to Windows login 'i:0#.w|dupontnet\sb1654' (CACHED)</message>
    <stackTrace />
  </entry>
  <entry date="2017-01-18T23:12:40.670604Z" severity="Informational" stage="Write">
    <rec>2</rec>
    <context>Map User</context>
    <unid>633c66ec3c3fc2948525731d00428ac7</unid>
    <documentUrl>notes:///862580aa00576093/0/633c66ec3c3fc2948525731d00428ac7</documentUrl>
    <message>Found cached user with login='i:0#.w|dupontnet\sb1654', email=PAULA.BEYER.HIETPAS@dupont.com, id=34</message>
    <stackTrace />
  </entry>
  <entry date="2017-01-18T23:12:40.670604Z" severity="Informational" stage="Write">
    <rec>2</rec>
    <context>Map User</context>
    <unid>633c66ec3c3fc2948525731d00428ac7</unid>
    <documentUrl>notes:///862580aa00576093/0/633c66ec3c3fc2948525731d00428ac7</documentUrl>
    <message>Input name 'CN=Dennis H Lojek/OU=Contractor/OU=AE/O=DuPont' mapped to Windows login 'i:0#.w|dupontnet\sb1654' (CACHED)</message>
    <stackTrace />
  </entry>
  <entry date="2017-01-18T23:12:40.6711014Z" severity="Informational" stage="Write">
    <rec>2</rec>
    <context>Map User</context>
    <unid>633c66ec3c3fc2948525731d00428ac7</unid>
    <documentUrl>notes:///862580aa00576093/0/633c66ec3c3fc2948525731d00428ac7</documentUrl>
    <message>Found cached user with login='i:0#.w|dupontnet\sb1654', email=PAULA.BEYER.HIETPAS@dupont.com, id=34</message>
    <stackTrace />
  </entry>
  <entry date="2017-01-18T23:12:49.4231004Z" severity="Informational" stage="Write">
    <rec>3</rec>
    <context>Processing Notes Document</context>
    <unid>610568ac1933eb608525731d00428ac8</unid>
    <documentUrl>notes:///862580aa00576093/0/610568ac1933eb608525731d00428ac8</documentUrl>
    <message>610568ac1933eb608525731d00428ac8</message>
    <stackTrace />
  </entry>
  <entry date="2017-01-18T23:12:49.432809Z" severity="Informational" stage="Write">
    <rec>3</rec>
    <context>Map User</context>
    <unid>610568ac1933eb608525731d00428ac8</unid>
    <documentUrl>notes:///862580aa00576093/0/610568ac1933eb608525731d00428ac8</documentUrl>
    <message>Input name 'CN=Robin H Rainier Developer/OU=AE/OU=DEV/O=DuPont' mapped to Windows login 'i:0#.w|dupontnet\sb1654' (CACHED)</message>
    <stackTrace />
  </entry>
  <entry date="2017-01-18T23:12:49.432809Z" severity="Informational" stage="Write">
    <rec>3</rec>
    <context>Map User</context>
    <unid>610568ac1933eb608525731d00428ac8</unid>
    <documentUrl>notes:///862580aa00576093/0/610568ac1933eb608525731d00428ac8</documentUrl>
    <message>Found cached user with login='i:0#.w|dupontnet\sb1654', email=PAULA.BEYER.HIETPAS@dupont.com, id=34</message>
    <stackTrace />
  </entry>
  <entry date="2017-01-18T23:12:49.4333013Z" severity="Informational" stage="Write">
    <rec>3</rec>
    <context>Map User</context>
    <unid>610568ac1933eb608525731d00428ac8</unid>
    <documentUrl>notes:///862580aa00576093/0/610568ac1933eb608525731d00428ac8</documentUrl>
    <message>Input name 'CN=Dennis H Lojek/OU=Contractor/OU=AE/O=DuPont' mapped to Windows login 'i:0#.w|dupontnet\sb1654' (CACHED)</message>
    <stackTrace />
  </entry>
  <entry date="2017-01-18T23:12:49.433801Z" severity="Informational" stage="Write">
    <rec>3</rec>
    <context>Map User</context>
    <unid>610568ac1933eb608525731d00428ac8</unid>
    <documentUrl>notes:///862580aa00576093/0/610568ac1933eb608525731d00428ac8</documentUrl>
    <message>Found cached user with login='i:0#.w|dupontnet\sb1654', email=PAULA.BEYER.HIETPAS@dupont.com, id=34</message>
    <stackTrace />
  </entry>
  <entry date="2017-01-18T23:12:55.3846712Z" severity="Informational" stage="Write">
    <rec>4</rec>
    <context>Processing Notes Document</context>
    <unid>abb1cfdfe62a610b8525731d00428ac6</unid>
    <documentUrl>notes:///862580aa00576093/0/abb1cfdfe62a610b8525731d00428ac6</documentUrl>
    <message>abb1cfdfe62a610b8525731d00428ac6</message>
    <stackTrace />
  </entry>
  <entry date="2017-01-18T23:12:55.3992557Z" severity="Informational" stage="Write">
    <rec>4</rec>
    <context>Map User</context>
    <unid>abb1cfdfe62a610b8525731d00428ac6</unid>
    <documentUrl>notes:///862580aa00576093/0/abb1cfdfe62a610b8525731d00428ac6</documentUrl>
    <message>Input name 'CN=Robin H Rainier Developer/OU=AE/OU=DEV/O=DuPont' mapped to Windows login 'i:0#.w|dupontnet\sb1654' (CACHED)</message>
    <stackTrace />
  </entry>
  <entry date="2017-01-18T23:12:55.399759Z" severity="Informational" stage="Write">
    <rec>4</rec>
    <context>Map User</context>
    <unid>abb1cfdfe62a610b8525731d00428ac6</unid>
    <documentUrl>notes:///862580aa00576093/0/abb1cfdfe62a610b8525731d00428ac6</documentUrl>
    <message>Found cached user with login='i:0#.w|dupontnet\sb1654', email=PAULA.BEYER.HIETPAS@dupont.com, id=34</message>
    <stackTrace />
  </entry>
  <entry date="2017-01-18T23:12:55.4007217Z" severity="Informational" stage="Write">
    <rec>4</rec>
    <context>Map User</context>
    <unid>abb1cfdfe62a610b8525731d00428ac6</unid>
    <documentUrl>notes:///862580aa00576093/0/abb1cfdfe62a610b8525731d00428ac6</documentUrl>
    <message>Input name 'CN=Dennis H Lojek/OU=Contractor/OU=AE/O=DuPont' mapped to Windows login 'i:0#.w|dupontnet\sb1654' (CACHED)</message>
    <stackTrace />
  </entry>
  <entry date="2017-01-18T23:12:55.4007217Z" severity="Informational" stage="Write">
    <rec>4</rec>
    <context>Map User</context>
    <unid>abb1cfdfe62a610b8525731d00428ac6</unid>
    <documentUrl>notes:///862580aa00576093/0/abb1cfdfe62a610b8525731d00428ac6</documentUrl>
    <message>Found cached user with login='i:0#.w|dupontnet\sb1654', email=PAULA.BEYER.HIETPAS@dupont.com, id=34</message>
    <stackTrace />
  </entry>
  <entry date="2017-01-18T23:13:01.3928865Z" severity="Informational" stage="Write">
    <rec>5</rec>
    <context>Processing Notes Document</context>
    <unid>d978d2742a8c3b288525731d00428ac4</unid>
    <documentUrl>notes:///862580aa00576093/0/d978d2742a8c3b288525731d00428ac4</documentUrl>
    <message>d978d2742a8c3b288525731d00428ac4</message>
    <stackTrace />
  </entry>
  <entry date="2017-01-18T23:13:01.4034563Z" severity="Informational" stage="Write">
    <rec>5</rec>
    <context>Map User</context>
    <unid>d978d2742a8c3b288525731d00428ac4</unid>
    <documentUrl>notes:///862580aa00576093/0/d978d2742a8c3b288525731d00428ac4</documentUrl>
    <message>Input name 'CN=Robin H Rainier Developer/OU=AE/OU=DEV/O=DuPont' mapped to Windows login 'i:0#.w|dupontnet\sb1654' (CACHED)</message>
    <stackTrace />
  </entry>
  <entry date="2017-01-18T23:13:01.4034563Z" severity="Informational" stage="Write">
    <rec>5</rec>
    <context>Map User</context>
    <unid>d978d2742a8c3b288525731d00428ac4</unid>
    <documentUrl>notes:///862580aa00576093/0/d978d2742a8c3b288525731d00428ac4</documentUrl>
    <message>Found cached user with login='i:0#.w|dupontnet\sb1654', email=PAULA.BEYER.HIETPAS@dupont.com, id=34</message>
    <stackTrace />
  </entry>
  <entry date="2017-01-18T23:13:01.4034563Z" severity="Informational" stage="Write">
    <rec>5</rec>
    <context>Map User</context>
    <unid>d978d2742a8c3b288525731d00428ac4</unid>
    <documentUrl>notes:///862580aa00576093/0/d978d2742a8c3b288525731d00428ac4</documentUrl>
    <message>Input name 'CN=Dennis H Lojek/OU=Contractor/OU=AE/O=DuPont' mapped to Windows login 'i:0#.w|dupontnet\sb1654' (CACHED)</message>
    <stackTrace />
  </entry>
  <entry date="2017-01-18T23:13:01.4039517Z" severity="Informational" stage="Write">
    <rec>5</rec>
    <context>Map User</context>
    <unid>d978d2742a8c3b288525731d00428ac4</unid>
    <documentUrl>notes:///862580aa00576093/0/d978d2742a8c3b288525731d00428ac4</documentUrl>
    <message>Found cached user with login='i:0#.w|dupontnet\sb1654', email=PAULA.BEYER.HIETPAS@dupont.com, id=34</message>
    <stackTrace />
  </entry>
  <entry date="2017-01-18T23:13:07.4753149Z" severity="Informational" stage="Write">
    <rec>6</rec>
    <context>Processing Notes Document</context>
    <unid>164f085cc1b47e598525731d00428ac5</unid>
    <documentUrl>notes:///862580aa00576093/0/164f085cc1b47e598525731d00428ac5</documentUrl>
    <message>164f085cc1b47e598525731d00428ac5</message>
    <stackTrace />
  </entry>
  <entry date="2017-01-18T23:13:07.4962792Z" severity="Informational" stage="Write">
    <rec>6</rec>
    <context>Map User</context>
    <unid>164f085cc1b47e598525731d00428ac5</unid>
    <documentUrl>notes:///862580aa00576093/0/164f085cc1b47e598525731d00428ac5</documentUrl>
    <message>Input name 'CN=Robin H Rainier Developer/OU=AE/OU=DEV/O=DuPont' mapped to Windows login 'i:0#.w|dupontnet\sb1654' (CACHED)</message>
    <stackTrace />
  </entry>
  <entry date="2017-01-18T23:13:07.4967785Z" severity="Informational" stage="Write">
    <rec>6</rec>
    <context>Map User</context>
    <unid>164f085cc1b47e598525731d00428ac5</unid>
    <documentUrl>notes:///862580aa00576093/0/164f085cc1b47e598525731d00428ac5</documentUrl>
    <message>Found cached user with login='i:0#.w|dupontnet\sb1654', email=PAULA.BEYER.HIETPAS@dupont.com, id=34</message>
    <stackTrace />
  </entry>
  <entry date="2017-01-18T23:13:07.498279Z" severity="Informational" stage="Write">
    <rec>6</rec>
    <context>Map User</context>
    <unid>164f085cc1b47e598525731d00428ac5</unid>
    <documentUrl>notes:///862580aa00576093/0/164f085cc1b47e598525731d00428ac5</documentUrl>
    <message>Input name 'CN=Dennis H Lojek/OU=Contractor/OU=AE/O=DuPont' mapped to Windows login 'i:0#.w|dupontnet\sb1654' (CACHED)</message>
    <stackTrace />
  </entry>
  <entry date="2017-01-18T23:13:07.4988277Z" severity="Informational" stage="Write">
    <rec>6</rec>
    <context>Map User</context>
    <unid>164f085cc1b47e598525731d00428ac5</unid>
    <documentUrl>notes:///862580aa00576093/0/164f085cc1b47e598525731d00428ac5</documentUrl>
    <message>Found cached user with login='i:0#.w|dupontnet\sb1654', email=PAULA.BEYER.HIETPAS@dupont.com, id=34</message>
    <stackTrace />
  </entry>
  <entry date="2017-01-18T23:13:14.460124Z" severity="Informational" stage="Write">
    <rec>7</rec>
    <context>Processing Notes Document</context>
    <unid>5ae66ec87d5644248525731d00428ac9</unid>
    <documentUrl>notes:///862580aa00576093/0/5ae66ec87d5644248525731d00428ac9</documentUrl>
    <message>5ae66ec87d5644248525731d00428ac9</message>
    <stackTrace />
  </entry>
  <entry date="2017-01-18T23:13:14.4829245Z" severity="Informational" stage="Write">
    <rec>7</rec>
    <context>Map User</context>
    <unid>5ae66ec87d5644248525731d00428ac9</unid>
    <documentUrl>notes:///862580aa00576093/0/5ae66ec87d5644248525731d00428ac9</documentUrl>
    <message>Input name 'CN=Robin H Rainier Developer/OU=AE/OU=DEV/O=DuPont' mapped to Windows login 'i:0#.w|dupontnet\sb1654' (CACHED)</message>
    <stackTrace />
  </entry>
  <entry date="2017-01-18T23:13:14.4834215Z" severity="Informational" stage="Write">
    <rec>7</rec>
    <context>Map User</context>
    <unid>5ae66ec87d5644248525731d00428ac9</unid>
    <documentUrl>notes:///862580aa00576093/0/5ae66ec87d5644248525731d00428ac9</documentUrl>
    <message>Found cached user with login='i:0#.w|dupontnet\sb1654', email=PAULA.BEYER.HIETPAS@dupont.com, id=34</message>
    <stackTrace />
  </entry>
  <entry date="2017-01-18T23:13:14.4847224Z" severity="Informational" stage="Write">
    <rec>7</rec>
    <context>Map User</context>
    <unid>5ae66ec87d5644248525731d00428ac9</unid>
    <documentUrl>notes:///862580aa00576093/0/5ae66ec87d5644248525731d00428ac9</documentUrl>
    <message>Input name 'CN=Dennis H Lojek/OU=Contractor/OU=AE/O=DuPont' mapped to Windows login 'i:0#.w|dupontnet\sb1654' (CACHED)</message>
    <stackTrace />
  </entry>
  <entry date="2017-01-18T23:13:14.4852356Z" severity="Informational" stage="Write">
    <rec>7</rec>
    <context>Map User</context>
    <unid>5ae66ec87d5644248525731d00428ac9</unid>
    <documentUrl>notes:///862580aa00576093/0/5ae66ec87d5644248525731d00428ac9</documentUrl>
    <message>Found cached user with login='i:0#.w|dupontnet\sb1654', email=PAULA.BEYER.HIETPAS@dupont.com, id=34</message>
    <stackTrace />
  </entry>
  <entry date="2017-01-18T23:13:20.3263668Z" severity="Informational" stage="Write">
    <rec>8</rec>
    <context>Processing Notes Document</context>
    <unid>05261c71e842ab878525731d00428aca</unid>
    <documentUrl>notes:///862580aa00576093/0/05261c71e842ab878525731d00428aca</documentUrl>
    <message>05261c71e842ab878525731d00428aca</message>
    <stackTrace />
  </entry>
  <entry date="2017-01-18T23:13:20.342882Z" severity="Informational" stage="Write">
    <rec>8</rec>
    <context>Map User</context>
    <unid>05261c71e842ab878525731d00428aca</unid>
    <documentUrl>notes:///862580aa00576093/0/05261c71e842ab878525731d00428aca</documentUrl>
    <message>Input name 'CN=Robin H Rainier Developer/OU=AE/OU=DEV/O=DuPont' mapped to Windows login 'i:0#.w|dupontnet\sb1654' (CACHED)</message>
    <stackTrace />
  </entry>
  <entry date="2017-01-18T23:13:20.343377Z" severity="Informational" stage="Write">
    <rec>8</rec>
    <context>Map User</context>
    <unid>05261c71e842ab878525731d00428aca</unid>
    <documentUrl>notes:///862580aa00576093/0/05261c71e842ab878525731d00428aca</documentUrl>
    <message>Found cached user with login='i:0#.w|dupontnet\sb1654', email=PAULA.BEYER.HIETPAS@dupont.com, id=34</message>
    <stackTrace />
  </entry>
  <entry date="2017-01-18T23:13:20.34438Z" severity="Informational" stage="Write">
    <rec>8</rec>
    <context>Map User</context>
    <unid>05261c71e842ab878525731d00428aca</unid>
    <documentUrl>notes:///862580aa00576093/0/05261c71e842ab878525731d00428aca</documentUrl>
    <message>Input name 'CN=Dennis H Lojek/OU=Contractor/OU=AE/O=DuPont' mapped to Windows login 'i:0#.w|dupontnet\sb1654' (CACHED)</message>
    <stackTrace />
  </entry>
  <entry date="2017-01-18T23:13:20.3448968Z" severity="Informational" stage="Write">
    <rec>8</rec>
    <context>Map User</context>
    <unid>05261c71e842ab878525731d00428aca</unid>
    <documentUrl>notes:///862580aa00576093/0/05261c71e842ab878525731d00428aca</documentUrl>
    <message>Found cached user with login='i:0#.w|dupontnet\sb1654', email=PAULA.BEYER.HIETPAS@dupont.com, id=34</message>
    <stackTrace />
  </entry>
  <entry date="2017-01-18T23:13:25.6133841Z" severity="Informational" stage="Write">
    <rec>8</rec>
    <context>Finished writing List items</context>
    <message>Written=8</message>
    <stackTrace />
  </entry>
  <summary date="2017-01-18T23:10:55.1105863Z">
    <job name="Admin-Developer Keyword" />
    <source type="Notes" location="database=C:\\Users\\nghie\\Desktop\\DPM PAMS v2.1\\dpmpamV21.nsf; server=local;" />
    <target webUrl="https://teamssv.dupont.com/sites/teams_Kevlar_Expansion/temp_nghiep/" list="Admin\Developer Keyword" />
    <results documentsRead="8" documentsWritten="8" errorCount="0" warningCount="0" />
  </summary>
</log>