<?xml version="1.0" encoding="utf-8"?>
<log>
  <entry date="2017-01-19T00:21:47.2106569Z" severity="General" stage="General">
    <context>Agent</context>
    <message>NMSP, Version=6.3.1.1191, Culture=neutral, PublicKeyToken=47a476656d73eed4</message>
    <stackTrace />
  </entry>
  <entry date="2017-01-19T00:21:47.221143Z" severity="General" stage="General">
    <context>User</context>
    <message>nghie</message>
    <stackTrace />
  </entry>
  <entry date="2017-01-19T00:21:47.221623Z" severity="General" stage="General">
    <context>Machine</context>
    <message>DESKTOP-6KT7VNU (Microsoft Windows NT 6.2.9200.0)</message>
    <stackTrace />
  </entry>
  <entry date="2017-01-19T00:21:47.2226253Z" severity="General" stage="General">
    <context>Job Name</context>
    <message>Search Log</message>
    <stackTrace />
  </entry>
  <entry date="2017-01-19T00:21:47.223626Z" severity="General" stage="General">
    <context>Job</context>
    <message>&lt;?xml version="1.0" encoding="utf-8"?&gt;
&lt;TransferJob xmlns:xsi="http://www.w3.org/2001/XMLSchema-instance" xmlns:xsd="http://www.w3.org/2001/XMLSchema" Name="Search Log" Description="" Version="4.0.0.0"&gt;
  &lt;QuerySource xsi:type="NotesQuerySource"&gt;
    &lt;ConnectionString&gt;database=C:\\Users\\nghie\\Desktop\\DPM PAMS v2.1\\dpmpamV21.nsf; server=local;&lt;/ConnectionString&gt;
  &lt;/QuerySource&gt;
  &lt;SourceDefinition Name="DPM PAMS v2.1" Description="Search Log" Templates="DPM PAMS v2.1" ListTypes=""&gt;
    &lt;QuerySpec xsi:type="NotesQuerySpec"&gt;
      &lt;From /&gt;
      &lt;Forms&gt;Search Log&lt;/Forms&gt;
      &lt;Search /&gt;
      &lt;Formula /&gt;
      &lt;Column ColumnType="Item" Value="AllContributors" ReturnType="String" Option="Multi" /&gt;
      &lt;Column ColumnType="Item" Value="Attorney" ReturnType="String" Option="Multi" /&gt;
      &lt;Column ColumnType="RichText" Value="body" Alias="BodyHtml" Option="Html" /&gt;
      &lt;Column ColumnType="RichText" Value="body" Alias="BodyText" ReturnType="String" /&gt;
      &lt;Column ColumnType="RichText" Value="body" Alias="BodyMime" Option="Mime" /&gt;
      &lt;Column ColumnType="Attachment" Value="body" Alias="BodyAttachments" Option="Multi" /&gt;
      &lt;Column ColumnType="OleObject" Value="body" Alias="BodyEmbeddedObjects" Option="Multi" /&gt;
      &lt;Column ColumnType="Image" Value="body" Alias="BodyImages" Option="Multi" /&gt;
      &lt;Column ColumnType="Item" Value="Creator" ReturnType="String" /&gt;
      &lt;Column ColumnType="Item" Value="DateComposed" ReturnType="Date" /&gt;
      &lt;Column ColumnType="Item" Value="DocAuthor" ReturnType="String" Option="Multi" /&gt;
      &lt;Column ColumnType="Item" Value="DocReader" ReturnType="String" Option="Multi" /&gt;
      &lt;Column ColumnType="Item" Value="FANumber" ReturnType="String" /&gt;
      &lt;Column ColumnType="Item" Value="Flag" ReturnType="String" /&gt;
      &lt;Column ColumnType="Item" Value="Inventors" ReturnType="String" Option="Multi" /&gt;
      &lt;Column ColumnType="Item" Value="Keyword" ReturnType="String" /&gt;
      &lt;Column ColumnType="Item" Value="PatentLiaison" ReturnType="String" Option="Multi" /&gt;
      &lt;Column ColumnType="Item" Value="Searchdate" ReturnType="Date" /&gt;
      &lt;Column ColumnType="Item" Value="SearchPerson" ReturnType="String" Option="Multi" /&gt;
      &lt;Column ColumnType="Item" Value="SearchType" ReturnType="String" /&gt;
      &lt;Column ColumnType="Item" Value="txt_DocDesc" ReturnType="String" /&gt;
      &lt;Column ColumnType="AttachmentLinks" Value="$NULL" Alias="OtherAttachmentLinks" Option="Html" /&gt;
      &lt;Column ColumnType="Attachment" Value="$NULL" Alias="OtherAttachments" Option="Multi" /&gt;
    &lt;/QuerySpec&gt;
  &lt;/SourceDefinition&gt;
  &lt;SharePointConnection&gt;
    &lt;Web&gt;https://teamssv.dupont.com/sites/teams_Kevlar_Expansion/temp_nghiep/&lt;/Web&gt;
    &lt;List&gt;Search Log&lt;/List&gt;
  &lt;/SharePointConnection&gt;
  &lt;JobOptions&gt;
    &lt;AutoCreateList&gt;true&lt;/AutoCreateList&gt;
    &lt;AddListToQuickLaunch&gt;true&lt;/AddListToQuickLaunch&gt;
    &lt;AutoCreateFields&gt;true&lt;/AutoCreateFields&gt;
    &lt;PreserveIdentities&gt;true&lt;/PreserveIdentities&gt;
    &lt;PreserveDates&gt;true&lt;/PreserveDates&gt;
    &lt;QueryOptions xsi:type="NotesRuntimeQueryOptions"&gt;
      &lt;DeleteMigratedDocuments&gt;false&lt;/DeleteMigratedDocuments&gt;
      &lt;ExtractRecurrencePatterns&gt;false&lt;/ExtractRecurrencePatterns&gt;
      &lt;ExtractDocSecurity&gt;false&lt;/ExtractDocSecurity&gt;
    &lt;/QueryOptions&gt;
    &lt;UserMappingOptions&gt;
      &lt;MappingFailureSubstitution&gt;DefaultIdentity&lt;/MappingFailureSubstitution&gt;
      &lt;DefaultUserName&gt;dupontnet\sb1654&lt;/DefaultUserName&gt;
    &lt;/UserMappingOptions&gt;
    &lt;LinkConversionOptions /&gt;
  &lt;/JobOptions&gt;
  &lt;SecurityMapping Enabled="false"&gt;
    &lt;AccessLevelMappings&gt;
      &lt;AccessLevelMapping NotesAccessLevel="Reader" SharePointPermissionLevel="Read" SharePointGroup="{Visitors}" /&gt;
      &lt;AccessLevelMapping NotesAccessLevel="Author" SharePointPermissionLevel="Read" SharePointGroup="{Visitors}" /&gt;
      &lt;AccessLevelMapping NotesAccessLevel="Editor" SharePointPermissionLevel="Contribute" SharePointGroup="{Members}" /&gt;
      &lt;AccessLevelMapping NotesAccessLevel="Designer" SharePointPermissionLevel="Design" SharePointGroup="{Members}" /&gt;
      &lt;AccessLevelMapping NotesAccessLevel="Manager" SharePointPermissionLevel="Full Control" SharePointGroup="{Owners}" /&gt;
      &lt;AccessLevelMapping NotesAccessLevel="Can Create" /&gt;
      &lt;AccessLevelMapping NotesAccessLevel="Can Delete" /&gt;
    &lt;/AccessLevelMappings&gt;
    &lt;MapACLUsers&gt;false&lt;/MapACLUsers&gt;
    &lt;MapACLGroups&gt;false&lt;/MapACLGroups&gt;
    &lt;MapACLRoles /&gt;
  &lt;/SecurityMapping&gt;
  &lt;SharePointTargetDefinition Name="DPM PAMS v2.1" Description="Search Log" Templates="" SharePointTemplates="Custom List"&gt;
    &lt;ExtractIcons&gt;false&lt;/ExtractIcons&gt;
    &lt;IsDocLib&gt;false&lt;/IsDocLib&gt;
    &lt;IsDiscussion&gt;false&lt;/IsDiscussion&gt;
    &lt;IsEvents&gt;false&lt;/IsEvents&gt;
    &lt;AllowAttachments&gt;false&lt;/AllowAttachments&gt;
    &lt;Field Name="Docket Number" Type="Text" NotesItems="FANumber" IsTitleField="true" /&gt;
    &lt;Field Name="Who did the search?" Type="Text" NotesItems="SearchPerson" /&gt;
    &lt;Field Name="Type of Search" Type="Text" NotesItems="SearchType" /&gt;
    &lt;Field Name="Keywords used in the search" Type="Text" NotesItems="Keyword" /&gt;
    &lt;Field Name="Attach Search Results Files" Type="Note" NotesItems="BodyHtml;OtherAttachmentLinks" AllowMultiple="true" /&gt;
    &lt;Field Name="All Contributors" Type="Text" NotesItems="AllContributors" /&gt;
    &lt;Field Name="Attorney" Type="Text" NotesItems="Attorney" /&gt;
    &lt;Field Name="Attachments" Type="Attachments" NotesItems="BodyAttachments;BodyEmbeddedObjects;BodyImages;OtherAttachments" AllowMultiple="true" /&gt;
    &lt;Field Name="Creator" Type="Text" NotesItems="Creator" /&gt;
    &lt;Field Name="Document Author" Type="Text" NotesItems="DocAuthor" /&gt;
    &lt;Field Name="Document Reader" Type="Text" NotesItems="DocReader" /&gt;
    &lt;Field Name="Flag" Type="Text" NotesItems="Flag" /&gt;
    &lt;Field Name="Inventors" Type="Text" NotesItems="Inventors" /&gt;
    &lt;Field Name="Patent Liaison" Type="Text" NotesItems="PatentLiaison" /&gt;
    &lt;Field Name="Date Search Initiated" Type="DateTime" NotesItems="Searchdate" /&gt;
    &lt;Field Name="Folder" Type="Folder" /&gt;
    &lt;Field Name="Title" Type="Text" NotesItems="Subject;Title" /&gt;
    &lt;ViewsOverwriteExisting&gt;false&lt;/ViewsOverwriteExisting&gt;
    &lt;View Name="By Person" IsDefault="true"&gt;
      &lt;Column&gt;Title (linked to item)&lt;/Column&gt;
      &lt;Column&gt;Type of Search&lt;/Column&gt;
      &lt;Column&gt;Keywords used in the search&lt;/Column&gt;
      &lt;Column&gt;Attach Search Results Files&lt;/Column&gt;
      &lt;OrderColumn1Name /&gt;
      &lt;OrderColumn1Ascending&gt;true&lt;/OrderColumn1Ascending&gt;
      &lt;OrderColumn2Name /&gt;
      &lt;OrderColumn2Ascending&gt;true&lt;/OrderColumn2Ascending&gt;
      &lt;SortOnlyBySpecifiedCriteria&gt;false&lt;/SortOnlyBySpecifiedCriteria&gt;
      &lt;GroupByColumn1Name&gt;Who did the search?&lt;/GroupByColumn1Name&gt;
      &lt;GroupByColumn1Ascending&gt;true&lt;/GroupByColumn1Ascending&gt;
      &lt;GroupByColumn2Name /&gt;
      &lt;GroupByColumn2Ascending&gt;true&lt;/GroupByColumn2Ascending&gt;
      &lt;ExpandGroups&gt;false&lt;/ExpandGroups&gt;
      &lt;GroupsPerPage&gt;100&lt;/GroupsPerPage&gt;
      &lt;IsFiltered&gt;false&lt;/IsFiltered&gt;
      &lt;ShowItemsInsideTheirFolders&gt;true&lt;/ShowItemsInsideTheirFolders&gt;
      &lt;FolderOption&gt;InAllFolders&lt;/FolderOption&gt;
      &lt;NumberItemsToDisplay&gt;100&lt;/NumberItemsToDisplay&gt;
      &lt;DisplayItemsInBatches&gt;true&lt;/DisplayItemsInBatches&gt;
      &lt;FolderContentType /&gt;
    &lt;/View&gt;
  &lt;/SharePointTargetDefinition&gt;
  &lt;Mapping Destination="Attorney" SourceValue="Attorney" /&gt;
  &lt;Mapping Destination="Attach Search Results Files" SourceValue="BodyHtml" /&gt;
  &lt;Mapping Destination="Attach Search Results Files" SourceValue="OtherAttachmentLinks" /&gt;
  &lt;Mapping Destination="Attachments" SourceValue="BodyAttachments" /&gt;
  &lt;Mapping Destination="Attachments" SourceValue="BodyEmbeddedObjects" /&gt;
  &lt;Mapping Destination="Attachments" SourceValue="BodyImages" /&gt;
  &lt;Mapping Destination="Attachments" SourceValue="OtherAttachments" /&gt;
  &lt;Mapping Destination="Creator" SourceValue="Creator" /&gt;
  &lt;Mapping Destination="Docket Number" SourceValue="FANumber" /&gt;
  &lt;Mapping Destination="Flag" SourceValue="Flag" /&gt;
  &lt;Mapping Destination="Inventors" SourceValue="Inventors" /&gt;
  &lt;Mapping Destination="Keywords used in the search" SourceValue="Keyword" /&gt;
  &lt;Mapping Destination="Date Search Initiated" SourceValue="Searchdate" /&gt;
  &lt;Mapping Destination="Who did the search?" SourceValue="SearchPerson" /&gt;
  &lt;Mapping Destination="Type of Search" SourceValue="SearchType" /&gt;
  &lt;Mapping Destination="All Contributors" SourceValue="AllContributors" /&gt;
  &lt;Mapping Destination="Document Author" SourceValue="DocAuthor" /&gt;
  &lt;Mapping Destination="Document Reader" SourceValue="DocReader" /&gt;
  &lt;Mapping Destination="Patent Liaison" SourceValue="PatentLiaison" /&gt;
&lt;/TransferJob&gt;</message>
    <stackTrace />
  </entry>
  <entry date="2017-01-19T00:21:47.2276295Z" severity="General" stage="General">
    <context>Global Options</context>
    <message>&lt;?xml version="1.0" encoding="utf-8"?&gt;
&lt;Options xmlns:xsi="http://www.w3.org/2001/XMLSchema-instance" xmlns:xsd="http://www.w3.org/2001/XMLSchema"&gt;
  &lt;m_maxGroupSize&gt;100&lt;/m_maxGroupSize&gt;
  &lt;DatabaseDispositions&gt;
    &lt;Disposition Name="" DispositionType="Undecided" /&gt;
    &lt;Disposition Name="Migrate to standard SharePoint targets" DispositionType="Migrate to SharePoint" /&gt;
    &lt;Disposition Name="Migrate to customized SharePoint targets" DispositionType="Migrate to SharePoint" /&gt;
    &lt;Disposition Name="Migrate to developed SharePoint targets" DispositionType="Migrate to SharePoint" /&gt;
    &lt;Disposition Name="Leave in place" DispositionType="Leave in place" /&gt;
    &lt;Disposition Name="End-of-life" DispositionType="Delete" /&gt;
    &lt;Disposition Name="Delete" DispositionType="Delete" /&gt;
  &lt;/DatabaseDispositions&gt;
  &lt;LogFilesPath&gt;D:\FPT\QUEST-FILES\Log Files&lt;/LogFilesPath&gt;
  &lt;DesignCopyPath&gt;C:\ProgramData\Quest Software\Notes Migrator For SharePoint\6.0\Design Copies&lt;/DesignCopyPath&gt;
  &lt;IdentityMappingOptions&gt;
    &lt;IdentityMappingType&gt;Users&lt;/IdentityMappingType&gt;
    &lt;IdentityLookupMode&gt;MappingFileLookup&lt;/IdentityLookupMode&gt;
    &lt;NotesIdPassword&gt;kq8cfRVf71FkIjZYrwYt6g==&lt;/NotesIdPassword&gt;
    &lt;LookupCache /&gt;
    &lt;MappingFile&gt;
      &lt;Path&gt;C:\Users\nghie\Desktop\DPM PAMS v2.1\Migration User Mapping\dpmpamV21.xml&lt;/Path&gt;
    &lt;/MappingFile&gt;
    &lt;NotesDatabase&gt;
      &lt;DatabasePath&gt;UserMapping.nsf&lt;/DatabasePath&gt;
    &lt;/NotesDatabase&gt;
    &lt;DominoDirectory&gt;
      &lt;FromNotesNameView&gt;$Users&lt;/FromNotesNameView&gt;
      &lt;FromNotesNameItem&gt;WindowsName&lt;/FromNotesNameItem&gt;
      &lt;FromDomainNameView&gt;ByWindowsLogin&lt;/FromDomainNameView&gt;
      &lt;FromDomainNameItem&gt;FullName&lt;/FromDomainNameItem&gt;
    &lt;/DominoDirectory&gt;
    &lt;Adsi&gt;
      &lt;AdsiLoginPassword&gt;4GE1ctUMvPk=&lt;/AdsiLoginPassword&gt;
      &lt;AdsiFromDomainNameQuery&gt;(&amp;amp;(ObjectClass=Person)(distinguishedName={0}))&lt;/AdsiFromDomainNameQuery&gt;
      &lt;AdsiFromNotesNameQuery&gt;(&amp;amp;(ObjectClass=Person)(distinguishedName={0}))&lt;/AdsiFromNotesNameQuery&gt;
    &lt;/Adsi&gt;
  &lt;/IdentityMappingOptions&gt;
  &lt;GroupIdentityMappingOptions&gt;
    &lt;IdentityMappingType&gt;Groups&lt;/IdentityMappingType&gt;
    &lt;NotesIdPassword&gt;kq8cfRVf71FkIjZYrwYt6g==&lt;/NotesIdPassword&gt;
    &lt;LookupCache /&gt;
    &lt;MappingFile&gt;
      &lt;Path&gt;GroupMapping.xml&lt;/Path&gt;
    &lt;/MappingFile&gt;
    &lt;NotesDatabase&gt;
      &lt;DatabasePath&gt;GroupMapping.nsf&lt;/DatabasePath&gt;
    &lt;/NotesDatabase&gt;
    &lt;DominoDirectory&gt;
      &lt;FromNotesNameView&gt;$Groups&lt;/FromNotesNameView&gt;
      &lt;FromNotesNameItem&gt;WindowsName&lt;/FromNotesNameItem&gt;
      &lt;FromDomainNameView&gt;ByWindowsGroup&lt;/FromDomainNameView&gt;
      &lt;FromDomainNameItem&gt;ListName&lt;/FromDomainNameItem&gt;
    &lt;/DominoDirectory&gt;
    &lt;Adsi&gt;
      &lt;AdsiLoginPassword&gt;4GE1ctUMvPk=&lt;/AdsiLoginPassword&gt;
      &lt;AdsiFromDomainNameQuery&gt;(&amp;amp;(ObjectClass=Group)(distinguishedName={0}))&lt;/AdsiFromDomainNameQuery&gt;
      &lt;AdsiFromNotesNameQuery&gt;(&amp;amp;(ObjectClass=Group)(distinguishedName={0}))&lt;/AdsiFromNotesNameQuery&gt;
    &lt;/Adsi&gt;
  &lt;/GroupIdentityMappingOptions&gt;
  &lt;LinkTrackingOptions /&gt;
  &lt;ReportingOptions /&gt;
  &lt;BlockedExtensions&gt;ade|adp|app|asa|ashx|asmx|asp|bas|bat|cdx|cer|chm|class|cmd|cnt|com|config|cpl|crt|csh|der|dll|exe|fxp|gadget|hlp|hpj|hta|htr|htw|ida|idc|idq|ins|isp|its|jse|ksh|lnk|mad|maf|mag|mam|maq|mar|mas|mat|mau|mav|maw|mda|mdb|mde|mdt|mdw|mdz|msc|msh|msh1|msh1xml|msh2|msh2xml|mshxml|msi|msp|mst|ops|pcd|pif|prf|prg|printer|ps1|ps1xml|ps2|ps2xml|psc1|psc2|pst|reg|rem|scf|scr|sct|shb|shs|shtm|shtml|soap|stm|url|vb|vbe|vbs|ws|wsc|wsf|wsh&lt;/BlockedExtensions&gt;
  &lt;SharePointEnvironments&gt;
    &lt;SharePointEnvironment Name="Default" IsDefault="true" EnvironmentType="RemoteWebServicesClassicModeAuthentication"&gt;
      &lt;Settings xsi:type="ClientWebServicesEnvironmentSettings"&gt;
        &lt;CredentialsExpirationInterval&gt;0&lt;/CredentialsExpirationInterval&gt;
      &lt;/Settings&gt;
    &lt;/SharePointEnvironment&gt;
  &lt;/SharePointEnvironments&gt;
  &lt;ScanCatalogs&gt;false&lt;/ScanCatalogs&gt;
  &lt;ScanServers&gt;false&lt;/ScanServers&gt;
  &lt;MasterCatalog&gt;
    &lt;CatalogServer /&gt;
    &lt;CatalogPath&gt;QuestRepository.nsf&lt;/CatalogPath&gt;
  &lt;/MasterCatalog&gt;
  &lt;ReadOnlyRepository&gt;false&lt;/ReadOnlyRepository&gt;
  &lt;CatalogUpdateMachine /&gt;
  &lt;CatalogDatabases /&gt;
  &lt;ScanLocations /&gt;
  &lt;ExcludeServers /&gt;
  &lt;ExcludeTemplates /&gt;
  &lt;ExcludeClasses /&gt;
  &lt;ExcludeCategories /&gt;
  &lt;ExcludeFiles /&gt;
  &lt;ExcludeFolders /&gt;
  &lt;ExcludeUserNames /&gt;
  &lt;PreferredNotesServers /&gt;
  &lt;PreferredQuickPlaceServers /&gt;
  &lt;PreferredQuickrServers /&gt;
  &lt;PreferredDominoDocServers /&gt;
  &lt;DefaultDirectoryServer /&gt;
  &lt;MaxGroupSize&gt;100&lt;/MaxGroupSize&gt;
  &lt;PreferredDirectoryServers /&gt;
  &lt;EnableLinkTranslations&gt;false&lt;/EnableLinkTranslations&gt;
  &lt;LinkTranslations /&gt;
  &lt;CustomReportingDays&gt;0&lt;/CustomReportingDays&gt;
  &lt;MaxAnalysisTimeMinutes&gt;20&lt;/MaxAnalysisTimeMinutes&gt;
  &lt;ResponsibilityAssignmentNames /&gt;
  &lt;ComplexityDEIWeight&gt;5&lt;/ComplexityDEIWeight&gt;
  &lt;ComplexityDEIAverage&gt;true&lt;/ComplexityDEIAverage&gt;
  &lt;ComplexityDataWeight&gt;3&lt;/ComplexityDataWeight&gt;
  &lt;ComplexityDesignWeight&gt;0&lt;/ComplexityDesignWeight&gt;
  &lt;ComplexityDesignDelta&gt;true&lt;/ComplexityDesignDelta&gt;
  &lt;EffortUnitsLabel&gt;hours&lt;/EffortUnitsLabel&gt;
  &lt;SetDataAnalyzed&gt;true&lt;/SetDataAnalyzed&gt;
  &lt;SetDesignAnalyzed&gt;true&lt;/SetDesignAnalyzed&gt;
  &lt;SetTargetsIdentified&gt;true&lt;/SetTargetsIdentified&gt;
  &lt;SetJobsAssigned&gt;true&lt;/SetJobsAssigned&gt;
  &lt;SetContentMigrated&gt;true&lt;/SetContentMigrated&gt;
  &lt;ShowSetupWizardOnStartup&gt;true&lt;/ShowSetupWizardOnStartup&gt;
&lt;/Options&gt;</message>
    <stackTrace />
  </entry>
  <entry date="2017-01-19T00:21:47.229124Z" severity="General" stage="General">
    <context>User Options</context>
    <message>&lt;?xml version="1.0" encoding="utf-8"?&gt;
&lt;UserOptions xmlns:xsi="http://www.w3.org/2001/XMLSchema-instance" xmlns:xsd="http://www.w3.org/2001/XMLSchema"&gt;
  &lt;AllowClearList&gt;true&lt;/AllowClearList&gt;
  &lt;DefaultUserMappingFailureSubstitution&gt;DefaultIdentity&lt;/DefaultUserMappingFailureSubstitution&gt;
  &lt;DefaultUserMappingUserName&gt;dupontnet\sb1654&lt;/DefaultUserMappingUserName&gt;
  &lt;SharePointCredentialsForEnvironments&gt;
    &lt;SharePointCredentialsForEnvironment environment="Default"&gt;
      &lt;SharePointCredentials&gt;
        &lt;UseWindowsAuthentication&gt;false&lt;/UseWindowsAuthentication&gt;
        &lt;LogonName&gt;dupontnet\gw3274n&lt;/LogonName&gt;
        &lt;Password&gt;18YdID5AhjnE2uloTm11tTLiEmF/B7f8&lt;/Password&gt;
        &lt;CookiesAcquired&gt;2017-01-10T14:52:26.7982001-08:00&lt;/CookiesAcquired&gt;
      &lt;/SharePointCredentials&gt;
    &lt;/SharePointCredentialsForEnvironment&gt;
  &lt;/SharePointCredentialsForEnvironments&gt;
  &lt;NotesQueryOptions&gt;
    &lt;IniFile /&gt;
    &lt;Password&gt;kq8cfRVf71FkIjZYrwYt6g==&lt;/Password&gt;
    &lt;StrictDataExtraction&gt;false&lt;/StrictDataExtraction&gt;
    &lt;CacheSize&gt;0&lt;/CacheSize&gt;
    &lt;DefaultNotesServer /&gt;
    &lt;DefaultQuickPlaceServer /&gt;
    &lt;DefaultQuickrServer /&gt;
    &lt;DefaultDominoDocServer /&gt;
  &lt;/NotesQueryOptions&gt;
  &lt;AtomQueryOptions&gt;
    &lt;User /&gt;
    &lt;Password /&gt;
    &lt;CacheSize&gt;0&lt;/CacheSize&gt;
    &lt;ConnectionsProfileServiceUrl /&gt;
    &lt;ConnectionsDiscoveryAddress /&gt;
  &lt;/AtomQueryOptions&gt;
  &lt;CustomViews /&gt;
  &lt;ServerNodes /&gt;
  &lt;DispositionNodes /&gt;
  &lt;TechnicalClassNodes /&gt;
  &lt;BusinessClassNodes /&gt;
&lt;/UserOptions&gt;</message>
    <stackTrace />
  </entry>
  <entry date="2017-01-19T00:21:47.2356362Z" severity="General" stage="General">
    <context>License</context>
    <message>[Notes Migrator for SharePoint]
Product name=Notes Migrator for SharePoint
Edition=Premier
License=126-233-810
Version=6.x
License Type=Ongoing
AboutText=Product: Notes Migrator for SharePoint%0D%0AVersion: 6.x%0D%0A%0D%0ALicense Number: 126-233-810%0D%0A%0D%0AEdition: Premier%0D%0A%0D%0ADatabases: 900%0D%0A%0D%0ALicense Type: Ongoing%0D%0A%0D%0A
Databases=900
Signature=B8952D63EFE9FADD6714B86C93B567BBE8F3D367B49BAD10D773121259BA980C2DC2442A89703D54EAE0BA9784611E5B916832338F7E63D8F395022BF091274F
Installation Time=1484083714
Product Installation Time=1561090288</message>
    <stackTrace />
  </entry>
  <entry date="2017-01-19T00:21:47.2371232Z" severity="General" stage="General">
    <context>SharePoint Environment</context>
    <message>Using SharePointEnvironment 'Default'</message>
    <stackTrace />
  </entry>
  <entry date="2017-01-19T00:21:47.2406223Z" severity="Informational" stage="General">
    <context>Reading Source data</context>
    <message />
    <stackTrace />
  </entry>
  <entry date="2017-01-19T00:21:47.2406223Z" severity="Informational" stage="Query">
    <context>QueryNotesData</context>
    <message>Begin query</message>
    <stackTrace />
  </entry>
  <entry date="2017-01-19T00:21:47.2526243Z" severity="Informational" stage="General">
    <context>Notes Build</context>
    <message>805.03</message>
    <stackTrace />
  </entry>
  <entry date="2017-01-19T00:21:47.2531612Z" severity="Informational" stage="General">
    <context>Notes User</context>
    <message>Ngo Nghiep/Contractor/AE/DuPont</message>
    <stackTrace />
  </entry>
  <entry date="2017-01-19T00:21:47.2673178Z" severity="Informational" stage="Query">
    <context>QueryNotesData</context>
    <message>Begin query</message>
    <stackTrace />
  </entry>
  <entry date="2017-01-19T00:21:47.2833193Z" severity="Informational" stage="General">
    <context>Writing SharePoint data</context>
    <message />
    <stackTrace />
  </entry>
  <entry date="2017-01-19T00:22:08.3093843Z" severity="Critical" stage="General">
    <message>Can't access SharePoint site 'https://teamssv.dupont.com/sites/teams_Kevlar_Expansion/temp_nghiep/'.  Unable to connect to the remote server</message>
    <stackTrace>System.Exception: Can't access SharePoint site 'https://teamssv.dupont.com/sites/teams_Kevlar_Expansion/temp_nghiep/'.  Unable to connect to the remote server ---&gt; System.Net.WebException: Unable to connect to the remote server ---&gt; System.Net.Sockets.SocketException: A connection attempt failed because the connected party did not properly respond after a period of time, or established connection failed because connected host has failed to respond 150.172.29.16:443
   at System.Net.Sockets.Socket.DoConnect(EndPoint endPointSnapshot, SocketAddress socketAddress)
   at System.Net.ServicePoint.ConnectSocketInternal(Boolean connectFailure, Socket s4, Socket s6, Socket&amp; socket, IPAddress&amp; address, ConnectSocketState state, IAsyncResult asyncResult, Exception&amp; exception)
   --- End of inner exception stack trace ---
   at System.Net.HttpWebRequest.GetRequestStream(TransportContext&amp; context)
   at System.Net.HttpWebRequest.GetRequestStream()
   at System.Web.Services.Protocols.SoapHttpClientProtocol.Invoke(String methodName, Object[] parameters)
   at Quest.NSP.SharePoint.SiteData.SiteData.GetSiteAndWeb(String strUrl, String&amp; strSite, String&amp; strWeb)
   at Quest.NSP.SharePoint.SharePointSiteDataWebService.GetSiteAndWeb(Uri url, Uri&amp; siteUrl, Uri&amp; webUrl)
   at Quest.NSP.SharePoint.ClientSPSite..ctor(String url, String mySiteHostUrl, ClientCredentials credentials)
   at Quest.NSP.SharePoint.SharePointClientLoadAccess.OpenSite(String webUrl)
   at Quest.NSP.SharePoint.SharePointSiteWriter.Write()
   --- End of inner exception stack trace ---
   at Quest.NSP.SharePoint.SharePointSiteWriter.Write()
   at Quest.NSP.SharePoint.SharePointJobWriter.ProcessJob()
   at Quest.NSP.SharePoint.SharePointLoad.WriteSharePointList(TransferJob job, IDataReader reader, XmlDocument databaseInfo, SharePointLoadContext sharePointLoadContext, Boolean checkServerSideLinkTrackingOptions, IFeedback progress, Int32 numItems, UInt32 recordLimit)
   at Quest.NSP.Migrator.JobProcessor.WriteDataToSharePoint(Control owner)
(client workingSet = 127M)</stackTrace>
  </entry>
  <summary date="2017-01-19T00:21:47.2081257Z">
    <job name="Search Log" />
    <source type="Notes" location="database=C:\\Users\\nghie\\Desktop\\DPM PAMS v2.1\\dpmpamV21.nsf; server=local;" />
    <target webUrl="https://teamssv.dupont.com/sites/teams_Kevlar_Expansion/temp_nghiep/" list="Search Log" />
    <results documentsRead="0" documentsWritten="0" errorCount="1" warningCount="0" />
  </summary>
</log>