<?xml version="1.0" encoding="utf-8"?>
<log>
  <entry date="2017-01-19T15:38:27.2040271Z" severity="General" stage="General">
    <context>Agent</context>
    <message>NMSP, Version=6.3.1.1191, Culture=neutral, PublicKeyToken=47a476656d73eed4</message>
    <stackTrace />
  </entry>
  <entry date="2017-01-19T15:38:27.217051Z" severity="General" stage="General">
    <context>User</context>
    <message>nghie</message>
    <stackTrace />
  </entry>
  <entry date="2017-01-19T15:38:27.2180494Z" severity="General" stage="General">
    <context>Machine</context>
    <message>DESKTOP-6KT7VNU (Microsoft Windows NT 6.2.9200.0)</message>
    <stackTrace />
  </entry>
  <entry date="2017-01-19T15:38:27.2180494Z" severity="General" stage="General">
    <context>Job Name</context>
    <message>UserActivity</message>
    <stackTrace />
  </entry>
  <entry date="2017-01-19T15:38:27.2190465Z" severity="General" stage="General">
    <context>Job</context>
    <message>&lt;?xml version="1.0" encoding="utf-8"?&gt;
&lt;TransferJob xmlns:xsi="http://www.w3.org/2001/XMLSchema-instance" xmlns:xsd="http://www.w3.org/2001/XMLSchema" Name="UserActivity" Description="" Version="4.0.0.0"&gt;
  &lt;QuerySource xsi:type="NotesQuerySource"&gt;
    &lt;ConnectionString&gt;database=C:\\Users\\nghie\\Desktop\\DPM PAMS v2.1\\dpmpamV21.nsf; server=local;&lt;/ConnectionString&gt;
  &lt;/QuerySource&gt;
  &lt;SourceDefinition Name="DPM PAMS v2.1" Description="User Activity" Templates="DPM PAMS v2.1" ListTypes=""&gt;
    &lt;QuerySpec xsi:type="NotesQuerySpec"&gt;
      &lt;From /&gt;
      &lt;Forms&gt;(UserActivity)|UserActivity&lt;/Forms&gt;
      &lt;Search /&gt;
      &lt;Formula /&gt;
      &lt;Column ColumnType="Item" Value="AcceptDate" ReturnType="Date" /&gt;
      &lt;Column ColumnType="Item" Value="AcceptStatus" ReturnType="String" /&gt;
      &lt;Column ColumnType="Item" Value="FirstVisit" ReturnType="Date" /&gt;
      &lt;Column ColumnType="Item" Value="Form" ReturnType="String" /&gt;
      &lt;Column ColumnType="Item" Value="LastServer" ReturnType="String" /&gt;
      &lt;Column ColumnType="Item" Value="LastVisit" ReturnType="Date" /&gt;
      &lt;Column ColumnType="Item" Value="NotesBuildVersion" ReturnType="Number" /&gt;
      &lt;Column ColumnType="Item" Value="NotesVersion" ReturnType="String" /&gt;
      &lt;Column ColumnType="Item" Value="OpenedDocs" ReturnType="String" Option="Multi" /&gt;
      &lt;Column ColumnType="Item" Value="Owner" ReturnType="String" Option="Multi" /&gt;
      &lt;Column ColumnType="Item" Value="Platform" ReturnType="String" /&gt;
      &lt;Column ColumnType="Item" Value="Readers" ReturnType="String" Option="Multi" /&gt;
      &lt;Column ColumnType="Item" Value="RealForm" ReturnType="String" /&gt;
      &lt;Column ColumnType="Item" Value="Servers" ReturnType="String" /&gt;
      &lt;Column ColumnType="Item" Value="TotalVisits" ReturnType="Number" /&gt;
      &lt;Column ColumnType="Item" Value="UserName" ReturnType="String" /&gt;
    &lt;/QuerySpec&gt;
  &lt;/SourceDefinition&gt;
  &lt;SharePointConnection&gt;
    &lt;Web&gt;https://teamssv.dupont.com/sites/teams_Kevlar_Expansion/temp_nghiep/&lt;/Web&gt;
    &lt;List&gt;User Activity&lt;/List&gt;
  &lt;/SharePointConnection&gt;
  &lt;JobOptions&gt;
    &lt;AutoCreateFields&gt;true&lt;/AutoCreateFields&gt;
    &lt;DuplicateDocumentHandling&gt;Skip&lt;/DuplicateDocumentHandling&gt;
    &lt;PreserveIdentities&gt;true&lt;/PreserveIdentities&gt;
    &lt;PreserveDates&gt;true&lt;/PreserveDates&gt;
    &lt;MaxRecords&gt;1&lt;/MaxRecords&gt;
    &lt;SkipRecords&gt;612&lt;/SkipRecords&gt;
    &lt;QueryOptions xsi:type="NotesRuntimeQueryOptions"&gt;
      &lt;DeleteMigratedDocuments&gt;false&lt;/DeleteMigratedDocuments&gt;
      &lt;ExtractRecurrencePatterns&gt;false&lt;/ExtractRecurrencePatterns&gt;
      &lt;ExtractDocSecurity&gt;false&lt;/ExtractDocSecurity&gt;
    &lt;/QueryOptions&gt;
    &lt;UserMappingOptions&gt;
      &lt;MappingFailureSubstitution&gt;DefaultIdentity&lt;/MappingFailureSubstitution&gt;
      &lt;UseMappingFailureSubstitutionForUserFields&gt;true&lt;/UseMappingFailureSubstitutionForUserFields&gt;
      &lt;DefaultUserName&gt;dupontnet\sb1654&lt;/DefaultUserName&gt;
    &lt;/UserMappingOptions&gt;
    &lt;LinkConversionOptions /&gt;
  &lt;/JobOptions&gt;
  &lt;SecurityMapping Enabled="false"&gt;
    &lt;AccessLevelMappings&gt;
      &lt;AccessLevelMapping NotesAccessLevel="Reader" SharePointPermissionLevel="Read" SharePointGroup="{Visitors}" /&gt;
      &lt;AccessLevelMapping NotesAccessLevel="Author" SharePointPermissionLevel="Read" SharePointGroup="{Visitors}" /&gt;
      &lt;AccessLevelMapping NotesAccessLevel="Editor" SharePointPermissionLevel="Contribute" SharePointGroup="{Members}" /&gt;
      &lt;AccessLevelMapping NotesAccessLevel="Designer" SharePointPermissionLevel="Design" SharePointGroup="{Members}" /&gt;
      &lt;AccessLevelMapping NotesAccessLevel="Manager" SharePointPermissionLevel="Full Control" SharePointGroup="{Owners}" /&gt;
      &lt;AccessLevelMapping NotesAccessLevel="Can Create" /&gt;
      &lt;AccessLevelMapping NotesAccessLevel="Can Delete" /&gt;
    &lt;/AccessLevelMappings&gt;
    &lt;MapACLUsers&gt;false&lt;/MapACLUsers&gt;
    &lt;MapACLGroups&gt;false&lt;/MapACLGroups&gt;
    &lt;MapACLRoles /&gt;
  &lt;/SecurityMapping&gt;
  &lt;SharePointTargetDefinition Name="DPM PAMS v2.1" Description="User Activity" Templates="" SharePointTemplates="Custom List"&gt;
    &lt;ExtractIcons&gt;false&lt;/ExtractIcons&gt;
    &lt;IsDocLib&gt;false&lt;/IsDocLib&gt;
    &lt;IsDiscussion&gt;false&lt;/IsDiscussion&gt;
    &lt;IsEvents&gt;false&lt;/IsEvents&gt;
    &lt;AllowAttachments&gt;false&lt;/AllowAttachments&gt;
    &lt;Field Name="User Name" Type="Text" NotesItems="UserName" IsTitleField="true" /&gt;
    &lt;Field Name="Accept Date" Type="DateTime" NotesItems="AcceptDate" /&gt;
    &lt;Field Name="Accept Status" Type="Text" NotesItems="AcceptStatus" /&gt;
    &lt;Field Name="First Visit" Type="DateTime" NotesItems="FirstVisit" /&gt;
    &lt;Field Name="Most Recent Visit" Type="DateTime" NotesItems="LastVisit" /&gt;
    &lt;Field Name="on" Type="Text" NotesItems="LastServer" /&gt;
    &lt;Field Name="Total Visits" Type="Number" NotesItems="TotalVisits" /&gt;
    &lt;Field Name="Notes Version" Type="Text" NotesItems="NotesVersion" /&gt;
    &lt;Field Name="Notes Build Version" Type="Number" NotesItems="NotesBuildVersion" /&gt;
    &lt;Field Name="Platform" Type="Text" NotesItems="Platform" /&gt;
    &lt;Field Name="Opened Documents" Type="Text" NotesItems="OpenedDocs" /&gt;
    &lt;Field Name="Owner" Type="Text" NotesItems="Owner" /&gt;
    &lt;Field Name="Real Form" Type="Text" NotesItems="RealForm" /&gt;
    &lt;Field Name="Servers" Type="Text" NotesItems="Servers" /&gt;
    &lt;Field Name="Folder" Type="Folder" /&gt;
    &lt;Field Name="Title" Type="Text" NotesItems="Subject;Title" /&gt;
    &lt;ViewsOverwriteExisting&gt;false&lt;/ViewsOverwriteExisting&gt;
    &lt;View Name="User Activities" IsDefault="true"&gt;
      &lt;Column&gt;Title (linked to item)&lt;/Column&gt;
      &lt;Column&gt;Most Recent Visit&lt;/Column&gt;
      &lt;Column&gt;on&lt;/Column&gt;
      &lt;Column&gt;Total Visits&lt;/Column&gt;
      &lt;Column&gt;Notes Version&lt;/Column&gt;
      &lt;Column&gt;Notes Build Version&lt;/Column&gt;
      &lt;OrderColumn1Name&gt;Most Recent Visit&lt;/OrderColumn1Name&gt;
      &lt;OrderColumn1Ascending&gt;false&lt;/OrderColumn1Ascending&gt;
      &lt;OrderColumn2Name /&gt;
      &lt;OrderColumn2Ascending&gt;false&lt;/OrderColumn2Ascending&gt;
      &lt;SortOnlyBySpecifiedCriteria&gt;false&lt;/SortOnlyBySpecifiedCriteria&gt;
      &lt;GroupByColumn1Name&gt;Title (linked to item)&lt;/GroupByColumn1Name&gt;
      &lt;GroupByColumn1Ascending&gt;false&lt;/GroupByColumn1Ascending&gt;
      &lt;GroupByColumn2Name /&gt;
      &lt;GroupByColumn2Ascending&gt;false&lt;/GroupByColumn2Ascending&gt;
      &lt;ExpandGroups&gt;false&lt;/ExpandGroups&gt;
      &lt;GroupsPerPage&gt;100&lt;/GroupsPerPage&gt;
      &lt;IsFiltered&gt;false&lt;/IsFiltered&gt;
      &lt;ShowItemsInsideTheirFolders&gt;true&lt;/ShowItemsInsideTheirFolders&gt;
      &lt;FolderOption&gt;InAllFolders&lt;/FolderOption&gt;
      &lt;NumberItemsToDisplay&gt;100&lt;/NumberItemsToDisplay&gt;
      &lt;DisplayItemsInBatches&gt;true&lt;/DisplayItemsInBatches&gt;
      &lt;FolderContentType /&gt;
    &lt;/View&gt;
  &lt;/SharePointTargetDefinition&gt;
  &lt;Mapping Destination="Accept Date" SourceValue="AcceptDate" /&gt;
  &lt;Mapping Destination="Accept Status" SourceValue="AcceptStatus" /&gt;
  &lt;Mapping Destination="First Visit" SourceValue="FirstVisit" /&gt;
  &lt;Mapping Destination="Notes Build Version" SourceValue="NotesBuildVersion" /&gt;
  &lt;Mapping Destination="Notes Version" SourceValue="NotesVersion" /&gt;
  &lt;Mapping Destination="Opened Documents" SourceValue="OpenedDocs" /&gt;
  &lt;Mapping Destination="Owner" SourceValue="Owner" /&gt;
  &lt;Mapping Destination="Most Recent Visit" SourceValue="LastVisit" /&gt;
  &lt;Mapping Destination="Platform" SourceValue="Platform" /&gt;
  &lt;Mapping Destination="Real Form" SourceValue="RealForm" /&gt;
  &lt;Mapping Destination="Servers" SourceValue="Servers" /&gt;
  &lt;Mapping Destination="Total Visits" SourceValue="TotalVisits" /&gt;
  &lt;Mapping Destination="User Name" SourceValue="UserName" /&gt;
  &lt;Mapping Destination="on" SourceValue="LastServer" /&gt;
&lt;/TransferJob&gt;</message>
    <stackTrace />
  </entry>
  <entry date="2017-01-19T15:38:27.2230599Z" severity="General" stage="General">
    <context>Global Options</context>
    <message>&lt;?xml version="1.0" encoding="utf-8"?&gt;
&lt;Options xmlns:xsi="http://www.w3.org/2001/XMLSchema-instance" xmlns:xsd="http://www.w3.org/2001/XMLSchema"&gt;
  &lt;m_maxGroupSize&gt;100&lt;/m_maxGroupSize&gt;
  &lt;DatabaseDispositions&gt;
    &lt;Disposition Name="" DispositionType="Undecided" /&gt;
    &lt;Disposition Name="Migrate to standard SharePoint targets" DispositionType="Migrate to SharePoint" /&gt;
    &lt;Disposition Name="Migrate to customized SharePoint targets" DispositionType="Migrate to SharePoint" /&gt;
    &lt;Disposition Name="Migrate to developed SharePoint targets" DispositionType="Migrate to SharePoint" /&gt;
    &lt;Disposition Name="Leave in place" DispositionType="Leave in place" /&gt;
    &lt;Disposition Name="End-of-life" DispositionType="Delete" /&gt;
    &lt;Disposition Name="Delete" DispositionType="Delete" /&gt;
  &lt;/DatabaseDispositions&gt;
  &lt;LogFilesPath&gt;D:\FPT\QUEST-FILES\Log Files&lt;/LogFilesPath&gt;
  &lt;DesignCopyPath&gt;C:\ProgramData\Quest Software\Notes Migrator For SharePoint\6.0\Design Copies&lt;/DesignCopyPath&gt;
  &lt;IdentityMappingOptions&gt;
    &lt;IdentityMappingType&gt;Users&lt;/IdentityMappingType&gt;
    &lt;IdentityLookupMode&gt;MappingFileLookup&lt;/IdentityLookupMode&gt;
    &lt;NotesIdPassword&gt;kq8cfRVf71FkIjZYrwYt6g==&lt;/NotesIdPassword&gt;
    &lt;LookupCache /&gt;
    &lt;MappingFile&gt;
      &lt;Path&gt;C:\Users\nghie\Desktop\DPM PAMS v2.1\Migration User Mapping\dpmpamV21.xml&lt;/Path&gt;
    &lt;/MappingFile&gt;
    &lt;NotesDatabase&gt;
      &lt;DatabasePath&gt;UserMapping.nsf&lt;/DatabasePath&gt;
    &lt;/NotesDatabase&gt;
    &lt;DominoDirectory&gt;
      &lt;FromNotesNameView&gt;$Users&lt;/FromNotesNameView&gt;
      &lt;FromNotesNameItem&gt;WindowsName&lt;/FromNotesNameItem&gt;
      &lt;FromDomainNameView&gt;ByWindowsLogin&lt;/FromDomainNameView&gt;
      &lt;FromDomainNameItem&gt;FullName&lt;/FromDomainNameItem&gt;
    &lt;/DominoDirectory&gt;
    &lt;Adsi&gt;
      &lt;AdsiLoginPassword&gt;4GE1ctUMvPk=&lt;/AdsiLoginPassword&gt;
      &lt;AdsiFromDomainNameQuery&gt;(&amp;amp;(ObjectClass=Person)(distinguishedName={0}))&lt;/AdsiFromDomainNameQuery&gt;
      &lt;AdsiFromNotesNameQuery&gt;(&amp;amp;(ObjectClass=Person)(distinguishedName={0}))&lt;/AdsiFromNotesNameQuery&gt;
    &lt;/Adsi&gt;
  &lt;/IdentityMappingOptions&gt;
  &lt;GroupIdentityMappingOptions&gt;
    &lt;IdentityMappingType&gt;Groups&lt;/IdentityMappingType&gt;
    &lt;NotesIdPassword&gt;kq8cfRVf71FkIjZYrwYt6g==&lt;/NotesIdPassword&gt;
    &lt;LookupCache /&gt;
    &lt;MappingFile&gt;
      &lt;Path&gt;GroupMapping.xml&lt;/Path&gt;
    &lt;/MappingFile&gt;
    &lt;NotesDatabase&gt;
      &lt;DatabasePath&gt;GroupMapping.nsf&lt;/DatabasePath&gt;
    &lt;/NotesDatabase&gt;
    &lt;DominoDirectory&gt;
      &lt;FromNotesNameView&gt;$Groups&lt;/FromNotesNameView&gt;
      &lt;FromNotesNameItem&gt;WindowsName&lt;/FromNotesNameItem&gt;
      &lt;FromDomainNameView&gt;ByWindowsGroup&lt;/FromDomainNameView&gt;
      &lt;FromDomainNameItem&gt;ListName&lt;/FromDomainNameItem&gt;
    &lt;/DominoDirectory&gt;
    &lt;Adsi&gt;
      &lt;AdsiLoginPassword&gt;4GE1ctUMvPk=&lt;/AdsiLoginPassword&gt;
      &lt;AdsiFromDomainNameQuery&gt;(&amp;amp;(ObjectClass=Group)(distinguishedName={0}))&lt;/AdsiFromDomainNameQuery&gt;
      &lt;AdsiFromNotesNameQuery&gt;(&amp;amp;(ObjectClass=Group)(distinguishedName={0}))&lt;/AdsiFromNotesNameQuery&gt;
    &lt;/Adsi&gt;
  &lt;/GroupIdentityMappingOptions&gt;
  &lt;LinkTrackingOptions /&gt;
  &lt;ReportingOptions /&gt;
  &lt;BlockedExtensions&gt;ade|adp|app|asa|ashx|asmx|asp|bas|bat|cdx|cer|chm|class|cmd|cnt|com|config|cpl|crt|csh|der|dll|exe|fxp|gadget|hlp|hpj|hta|htr|htw|ida|idc|idq|ins|isp|its|jse|ksh|lnk|mad|maf|mag|mam|maq|mar|mas|mat|mau|mav|maw|mda|mdb|mde|mdt|mdw|mdz|msc|msh|msh1|msh1xml|msh2|msh2xml|mshxml|msi|msp|mst|ops|pcd|pif|prf|prg|printer|ps1|ps1xml|ps2|ps2xml|psc1|psc2|pst|reg|rem|scf|scr|sct|shb|shs|shtm|shtml|soap|stm|url|vb|vbe|vbs|ws|wsc|wsf|wsh&lt;/BlockedExtensions&gt;
  &lt;SharePointEnvironments&gt;
    &lt;SharePointEnvironment Name="Default" IsDefault="true" EnvironmentType="RemoteWebServicesClassicModeAuthentication"&gt;
      &lt;Settings xsi:type="ClientWebServicesEnvironmentSettings"&gt;
        &lt;CredentialsExpirationInterval&gt;0&lt;/CredentialsExpirationInterval&gt;
      &lt;/Settings&gt;
    &lt;/SharePointEnvironment&gt;
  &lt;/SharePointEnvironments&gt;
  &lt;ScanCatalogs&gt;false&lt;/ScanCatalogs&gt;
  &lt;ScanServers&gt;false&lt;/ScanServers&gt;
  &lt;MasterCatalog&gt;
    &lt;CatalogServer /&gt;
    &lt;CatalogPath&gt;QuestRepository.nsf&lt;/CatalogPath&gt;
  &lt;/MasterCatalog&gt;
  &lt;ReadOnlyRepository&gt;false&lt;/ReadOnlyRepository&gt;
  &lt;CatalogUpdateMachine /&gt;
  &lt;CatalogDatabases /&gt;
  &lt;ScanLocations /&gt;
  &lt;ExcludeServers /&gt;
  &lt;ExcludeTemplates /&gt;
  &lt;ExcludeClasses /&gt;
  &lt;ExcludeCategories /&gt;
  &lt;ExcludeFiles /&gt;
  &lt;ExcludeFolders /&gt;
  &lt;ExcludeUserNames /&gt;
  &lt;PreferredNotesServers /&gt;
  &lt;PreferredQuickPlaceServers /&gt;
  &lt;PreferredQuickrServers /&gt;
  &lt;PreferredDominoDocServers /&gt;
  &lt;DefaultDirectoryServer /&gt;
  &lt;MaxGroupSize&gt;100&lt;/MaxGroupSize&gt;
  &lt;PreferredDirectoryServers /&gt;
  &lt;EnableLinkTranslations&gt;false&lt;/EnableLinkTranslations&gt;
  &lt;LinkTranslations /&gt;
  &lt;CustomReportingDays&gt;0&lt;/CustomReportingDays&gt;
  &lt;MaxAnalysisTimeMinutes&gt;20&lt;/MaxAnalysisTimeMinutes&gt;
  &lt;ResponsibilityAssignmentNames /&gt;
  &lt;ComplexityDEIWeight&gt;5&lt;/ComplexityDEIWeight&gt;
  &lt;ComplexityDEIAverage&gt;true&lt;/ComplexityDEIAverage&gt;
  &lt;ComplexityDataWeight&gt;3&lt;/ComplexityDataWeight&gt;
  &lt;ComplexityDesignWeight&gt;0&lt;/ComplexityDesignWeight&gt;
  &lt;ComplexityDesignDelta&gt;true&lt;/ComplexityDesignDelta&gt;
  &lt;EffortUnitsLabel&gt;hours&lt;/EffortUnitsLabel&gt;
  &lt;SetDataAnalyzed&gt;true&lt;/SetDataAnalyzed&gt;
  &lt;SetDesignAnalyzed&gt;true&lt;/SetDesignAnalyzed&gt;
  &lt;SetTargetsIdentified&gt;true&lt;/SetTargetsIdentified&gt;
  &lt;SetJobsAssigned&gt;true&lt;/SetJobsAssigned&gt;
  &lt;SetContentMigrated&gt;true&lt;/SetContentMigrated&gt;
  &lt;ShowSetupWizardOnStartup&gt;true&lt;/ShowSetupWizardOnStartup&gt;
&lt;/Options&gt;</message>
    <stackTrace />
  </entry>
  <entry date="2017-01-19T15:38:27.2250625Z" severity="General" stage="General">
    <context>User Options</context>
    <message>&lt;?xml version="1.0" encoding="utf-8"?&gt;
&lt;UserOptions xmlns:xsi="http://www.w3.org/2001/XMLSchema-instance" xmlns:xsd="http://www.w3.org/2001/XMLSchema"&gt;
  &lt;AllowClearList&gt;true&lt;/AllowClearList&gt;
  &lt;DefaultUserMappingFailureSubstitution&gt;DefaultIdentity&lt;/DefaultUserMappingFailureSubstitution&gt;
  &lt;DefaultUserMappingUserName&gt;dupontnet\sb1654&lt;/DefaultUserMappingUserName&gt;
  &lt;SharePointCredentialsForEnvironments&gt;
    &lt;SharePointCredentialsForEnvironment environment="Default"&gt;
      &lt;SharePointCredentials&gt;
        &lt;UseWindowsAuthentication&gt;false&lt;/UseWindowsAuthentication&gt;
        &lt;LogonName&gt;dupontnet\gw3274n&lt;/LogonName&gt;
        &lt;Password&gt;18YdID5AhjnE2uloTm11tTLiEmF/B7f8&lt;/Password&gt;
        &lt;CookiesAcquired&gt;2017-01-10T14:52:26.7982001-08:00&lt;/CookiesAcquired&gt;
      &lt;/SharePointCredentials&gt;
    &lt;/SharePointCredentialsForEnvironment&gt;
  &lt;/SharePointCredentialsForEnvironments&gt;
  &lt;NotesQueryOptions&gt;
    &lt;IniFile /&gt;
    &lt;Password&gt;kq8cfRVf71FkIjZYrwYt6g==&lt;/Password&gt;
    &lt;StrictDataExtraction&gt;false&lt;/StrictDataExtraction&gt;
    &lt;CacheSize&gt;0&lt;/CacheSize&gt;
    &lt;DefaultNotesServer /&gt;
    &lt;DefaultQuickPlaceServer /&gt;
    &lt;DefaultQuickrServer /&gt;
    &lt;DefaultDominoDocServer /&gt;
  &lt;/NotesQueryOptions&gt;
  &lt;AtomQueryOptions&gt;
    &lt;User /&gt;
    &lt;Password /&gt;
    &lt;CacheSize&gt;0&lt;/CacheSize&gt;
    &lt;ConnectionsProfileServiceUrl /&gt;
    &lt;ConnectionsDiscoveryAddress /&gt;
  &lt;/AtomQueryOptions&gt;
  &lt;CustomViews /&gt;
  &lt;ServerNodes /&gt;
  &lt;DispositionNodes /&gt;
  &lt;TechnicalClassNodes /&gt;
  &lt;BusinessClassNodes /&gt;
&lt;/UserOptions&gt;</message>
    <stackTrace />
  </entry>
  <entry date="2017-01-19T15:38:27.2750982Z" severity="General" stage="General">
    <context>License</context>
    <message>[Notes Migrator for SharePoint]
Product name=Notes Migrator for SharePoint
Edition=Premier
License=126-233-810
Version=6.x
License Type=Ongoing
AboutText=Product: Notes Migrator for SharePoint%0D%0AVersion: 6.x%0D%0A%0D%0ALicense Number: 126-233-810%0D%0A%0D%0AEdition: Premier%0D%0A%0D%0ADatabases: 900%0D%0A%0D%0ALicense Type: Ongoing%0D%0A%0D%0A
Databases=900
Signature=B8952D63EFE9FADD6714B86C93B567BBE8F3D367B49BAD10D773121259BA980C2DC2442A89703D54EAE0BA9784611E5B916832338F7E63D8F395022BF091274F
Installation Time=1484083714
Product Installation Time=1561090288</message>
    <stackTrace />
  </entry>
  <entry date="2017-01-19T15:38:27.2761009Z" severity="General" stage="General">
    <context>SharePoint Environment</context>
    <message>Using SharePointEnvironment 'Default'</message>
    <stackTrace />
  </entry>
  <entry date="2017-01-19T15:38:27.2771028Z" severity="Informational" stage="General">
    <context>Reading Source data</context>
    <message />
    <stackTrace />
  </entry>
  <entry date="2017-01-19T15:38:27.2780963Z" severity="Informational" stage="Query">
    <context>QueryNotesData</context>
    <message>Begin query</message>
    <stackTrace />
  </entry>
  <entry date="2017-01-19T15:38:27.2990958Z" severity="Informational" stage="General">
    <context>Notes Build</context>
    <message>805.03</message>
    <stackTrace />
  </entry>
  <entry date="2017-01-19T15:38:27.3000957Z" severity="Informational" stage="General">
    <context>Notes User</context>
    <message>Ngo Nghiep/Contractor/AE/DuPont</message>
    <stackTrace />
  </entry>
  <entry date="2017-01-19T15:38:27.3435829Z" severity="Informational" stage="Query">
    <context>QueryNotesData</context>
    <message>Begin query</message>
    <stackTrace />
  </entry>
  <entry date="2017-01-19T15:38:27.3600815Z" severity="Informational" stage="General">
    <context>Writing SharePoint data</context>
    <message />
    <stackTrace />
  </entry>
  <entry date="2017-01-19T15:38:31.1289496Z" severity="Informational" stage="Write">
    <context>Accessing SharePoint Web</context>
    <message>https://teamssv.dupont.com/sites/teams_Kevlar_Expansion/temp_nghiep</message>
    <stackTrace />
  </entry>
  <entry date="2017-01-19T15:38:41.6579435Z" severity="Informational" stage="Write">
    <context>Accessing SharePoint List</context>
    <message>User Activity</message>
    <stackTrace />
  </entry>
  <entry date="2017-01-19T15:38:44.1111438Z" severity="Informational" stage="Write">
    <rec>1</rec>
    <context>Processing Notes Document</context>
    <unid>d6f2528f42b5243585257fa800687ed2</unid>
    <documentUrl>notes:///862580aa00576093/0/d6f2528f42b5243585257fa800687ed2</documentUrl>
    <message>d6f2528f42b5243585257fa800687ed2</message>
    <stackTrace />
  </entry>
  <entry date="2017-01-19T15:38:57.0509155Z" severity="Informational" stage="Write">
    <rec>1</rec>
    <context>Map User</context>
    <unid>d6f2528f42b5243585257fa800687ed2</unid>
    <documentUrl>notes:///862580aa00576093/0/d6f2528f42b5243585257fa800687ed2</documentUrl>
    <message>Input name 'CN=Mohammed Khan/OU=Contractor/OU=AP/O=DuPont' mapped to Windows login 'DDNET1\rz3632' (NOT CACHED)</message>
    <stackTrace />
  </entry>
  <entry date="2017-01-19T15:38:59.773759Z" severity="Informational" stage="Write">
    <rec>1</rec>
    <context>Map User</context>
    <unid>d6f2528f42b5243585257fa800687ed2</unid>
    <documentUrl>notes:///862580aa00576093/0/d6f2528f42b5243585257fa800687ed2</documentUrl>
    <message>User mapping failed for 'CN=Mohammed Khan/OU=Contractor/OU=AP/O=DuPont' (Created By): Could not find Windows Principal for user='DDNET1\rz3632', email=''. 
Defaulting to user 'dupontnet\sb1654'.</message>
    <stackTrace />
  </entry>
  <entry date="2017-01-19T15:38:59.773759Z" severity="Informational" stage="Write">
    <rec>1</rec>
    <context>Map User</context>
    <unid>d6f2528f42b5243585257fa800687ed2</unid>
    <documentUrl>notes:///862580aa00576093/0/d6f2528f42b5243585257fa800687ed2</documentUrl>
    <message>Input name 'CN=Mohammed Khan/OU=Contractor/OU=AP/O=DuPont' mapped to Windows login 'dupontnet\sb1654' (NOT CACHED)</message>
    <stackTrace />
  </entry>
  <entry date="2017-01-19T15:39:01.5918573Z" severity="Informational" stage="Write">
    <rec>1</rec>
    <context>Map User</context>
    <unid>d6f2528f42b5243585257fa800687ed2</unid>
    <documentUrl>notes:///862580aa00576093/0/d6f2528f42b5243585257fa800687ed2</documentUrl>
    <message>Found Windows Principal from name 'dupontnet\sb1654' with email='PAULA.BEYER.HIETPAS@dupont.com', display name='HIETPAS, PAULA BEYER', type='User'</message>
    <stackTrace />
  </entry>
  <entry date="2017-01-19T15:39:01.5918573Z" severity="Informational" stage="Write">
    <rec>1</rec>
    <context>Map User</context>
    <unid>d6f2528f42b5243585257fa800687ed2</unid>
    <documentUrl>notes:///862580aa00576093/0/d6f2528f42b5243585257fa800687ed2</documentUrl>
    <message>Creating new Site Collection User 'HIETPAS, PAULA BEYER' with Windows login 'i:0#.w|dupontnet\sb1654' and Email 'PAULA.BEYER.HIETPAS@dupont.com'</message>
    <stackTrace />
  </entry>
  <entry date="2017-01-19T15:39:03.1027756Z" severity="Informational" stage="Write">
    <rec>1</rec>
    <context>Map User</context>
    <unid>d6f2528f42b5243585257fa800687ed2</unid>
    <documentUrl>notes:///862580aa00576093/0/d6f2528f42b5243585257fa800687ed2</documentUrl>
    <message>Created Site Collection User number '34' with login='i:0#.w|dupontnet\sb1654', name='HIETPAS, PAULA BEYER', email='PAULA.BEYER.HIETPAS@dupont.com'</message>
    <stackTrace />
  </entry>
  <entry date="2017-01-19T15:39:03.1032714Z" severity="Informational" stage="Write">
    <rec>1</rec>
    <context>Map User</context>
    <unid>d6f2528f42b5243585257fa800687ed2</unid>
    <documentUrl>notes:///862580aa00576093/0/d6f2528f42b5243585257fa800687ed2</documentUrl>
    <message>User mapping failed for 'CN=Mohammed Khan/OU=Contractor/OU=AP/O=DuPont' (Modified By): Could not find Windows Principal for user='DDNET1\rz3632', email=''. 
Defaulting to user 'dupontnet\sb1654'.</message>
    <stackTrace />
  </entry>
  <entry date="2017-01-19T15:39:03.1037707Z" severity="Informational" stage="Write">
    <rec>1</rec>
    <context>Map User</context>
    <unid>d6f2528f42b5243585257fa800687ed2</unid>
    <documentUrl>notes:///862580aa00576093/0/d6f2528f42b5243585257fa800687ed2</documentUrl>
    <message>Input name 'CN=Mohammed Khan/OU=Contractor/OU=AP/O=DuPont' mapped to Windows login 'dupontnet\sb1654' (NOT CACHED)</message>
    <stackTrace />
  </entry>
  <entry date="2017-01-19T15:39:06.1599378Z" severity="Informational" stage="Write">
    <rec>1</rec>
    <context>Map User</context>
    <unid>d6f2528f42b5243585257fa800687ed2</unid>
    <documentUrl>notes:///862580aa00576093/0/d6f2528f42b5243585257fa800687ed2</documentUrl>
    <message>Found Windows Principal from name 'dupontnet\sb1654' with email='PAULA.BEYER.HIETPAS@dupont.com', display name='HIETPAS, PAULA BEYER', type='User'</message>
    <stackTrace />
  </entry>
  <entry date="2017-01-19T15:39:06.1599378Z" severity="Informational" stage="Write">
    <rec>1</rec>
    <context>Map User</context>
    <unid>d6f2528f42b5243585257fa800687ed2</unid>
    <documentUrl>notes:///862580aa00576093/0/d6f2528f42b5243585257fa800687ed2</documentUrl>
    <message>Creating new Site Collection User 'HIETPAS, PAULA BEYER' with Windows login 'i:0#.w|dupontnet\sb1654' and Email 'PAULA.BEYER.HIETPAS@dupont.com'</message>
    <stackTrace />
  </entry>
  <entry date="2017-01-19T15:39:07.829145Z" severity="Informational" stage="Write">
    <rec>1</rec>
    <context>Map User</context>
    <unid>d6f2528f42b5243585257fa800687ed2</unid>
    <documentUrl>notes:///862580aa00576093/0/d6f2528f42b5243585257fa800687ed2</documentUrl>
    <message>Created Site Collection User number '34' with login='i:0#.w|dupontnet\sb1654', name='HIETPAS, PAULA BEYER', email='PAULA.BEYER.HIETPAS@dupont.com'</message>
    <stackTrace />
  </entry>
  <entry date="2017-01-19T15:39:08.5943106Z" severity="Informational" stage="Write">
    <rec>1</rec>
    <context>Finished writing List items</context>
    <message>Written=1</message>
    <stackTrace />
  </entry>
  <summary date="2017-01-19T15:38:27.2010266Z">
    <job name="UserActivity" />
    <source type="Notes" location="database=C:\\Users\\nghie\\Desktop\\DPM PAMS v2.1\\dpmpamV21.nsf; server=local;" />
    <target webUrl="https://teamssv.dupont.com/sites/teams_Kevlar_Expansion/temp_nghiep/" list="User Activity" />
    <results documentsRead="1" documentsWritten="1" errorCount="0" warningCount="0" />
  </summary>
</log>