<?xml version="1.0" encoding="utf-8"?>
<log>
  <entry date="2017-01-19T01:41:23.8229365Z" severity="General" stage="General">
    <context>Agent</context>
    <message>NMSP, Version=6.3.1.1191, Culture=neutral, PublicKeyToken=47a476656d73eed4</message>
    <stackTrace />
  </entry>
  <entry date="2017-01-19T01:41:23.8344711Z" severity="General" stage="General">
    <context>User</context>
    <message>nghie</message>
    <stackTrace />
  </entry>
  <entry date="2017-01-19T01:41:23.8344711Z" severity="General" stage="General">
    <context>Machine</context>
    <message>DESKTOP-6KT7VNU (Microsoft Windows NT 6.2.9200.0)</message>
    <stackTrace />
  </entry>
  <entry date="2017-01-19T01:41:23.8353719Z" severity="General" stage="General">
    <context>Job Name</context>
    <message>Admin-Keyword</message>
    <stackTrace />
  </entry>
  <entry date="2017-01-19T01:41:23.8363761Z" severity="General" stage="General">
    <context>Job</context>
    <message>&lt;?xml version="1.0" encoding="utf-8"?&gt;
&lt;TransferJob xmlns:xsi="http://www.w3.org/2001/XMLSchema-instance" xmlns:xsd="http://www.w3.org/2001/XMLSchema" Name="Admin-Keyword" Description="" Version="4.0.0.0"&gt;
  &lt;QuerySource xsi:type="NotesQuerySource"&gt;
    &lt;ConnectionString&gt;database=C:\\Users\\nghie\\Desktop\\DPM PAMS v2.1\\dpmpamV21.nsf; server=local;&lt;/ConnectionString&gt;
  &lt;/QuerySource&gt;
  &lt;SourceDefinition Name="DPM PAMS v2.1" Description="Admin/Keyword" Templates="DPM PAMS v2.1" ListTypes=""&gt;
    &lt;QuerySpec xsi:type="NotesQuerySpec"&gt;
      &lt;From /&gt;
      &lt;Forms&gt;Admin \ Keyword|Keyword&lt;/Forms&gt;
      &lt;Search /&gt;
      &lt;Formula /&gt;
      &lt;Column ColumnType="Item" Value="CreatedBy" ReturnType="String" /&gt;
      &lt;Column ColumnType="Item" Value="Creator" ReturnType="String" /&gt;
      &lt;Column ColumnType="Item" Value="DateComposed" ReturnType="Date" /&gt;
      &lt;Column ColumnType="Item" Value="DocAuthor" ReturnType="String" Option="Multi" /&gt;
      &lt;Column ColumnType="Item" Value="Keyword" ReturnType="String" /&gt;
      &lt;Column ColumnType="Item" Value="Keyword_1" ReturnType="String" /&gt;
      &lt;Column ColumnType="Item" Value="KeywordComments" ReturnType="String" /&gt;
      &lt;Column ColumnType="Item" Value="KeywordType" ReturnType="String" /&gt;
      &lt;Column ColumnType="Item" Value="Platform" ReturnType="String" /&gt;
      &lt;Column ColumnType="Item" Value="SBU" ReturnType="String" /&gt;
      &lt;Column ColumnType="Item" Value="tim_EDate" ReturnType="Date" /&gt;
      &lt;Column ColumnType="Item" Value="txt_DocDesc" ReturnType="String" /&gt;
      &lt;Column ColumnType="Item" Value="txt_EditBy" ReturnType="String" /&gt;
    &lt;/QuerySpec&gt;
  &lt;/SourceDefinition&gt;
  &lt;SharePointConnection&gt;
    &lt;Web&gt;https://teamssv.dupont.com/sites/teams_Kevlar_Expansion/temp_nghiep/&lt;/Web&gt;
    &lt;List&gt;Admin/Keyword&lt;/List&gt;
  &lt;/SharePointConnection&gt;
  &lt;JobOptions&gt;
    &lt;AutoCreateFields&gt;true&lt;/AutoCreateFields&gt;
    &lt;PreserveIdentities&gt;true&lt;/PreserveIdentities&gt;
    &lt;PreserveDates&gt;true&lt;/PreserveDates&gt;
    &lt;MaxRecords&gt;1&lt;/MaxRecords&gt;
    &lt;SkipRecords&gt;235&lt;/SkipRecords&gt;
    &lt;QueryOptions xsi:type="NotesRuntimeQueryOptions"&gt;
      &lt;DeleteMigratedDocuments&gt;false&lt;/DeleteMigratedDocuments&gt;
      &lt;ExtractRecurrencePatterns&gt;false&lt;/ExtractRecurrencePatterns&gt;
      &lt;ExtractDocSecurity&gt;false&lt;/ExtractDocSecurity&gt;
    &lt;/QueryOptions&gt;
    &lt;UserMappingOptions&gt;
      &lt;MappingFailureSubstitution&gt;DefaultIdentity&lt;/MappingFailureSubstitution&gt;
      &lt;UseMappingFailureSubstitutionForUserFields&gt;true&lt;/UseMappingFailureSubstitutionForUserFields&gt;
      &lt;DefaultUserName&gt;dupontnet\sb1654&lt;/DefaultUserName&gt;
    &lt;/UserMappingOptions&gt;
    &lt;LinkConversionOptions /&gt;
  &lt;/JobOptions&gt;
  &lt;SecurityMapping Enabled="false"&gt;
    &lt;AccessLevelMappings&gt;
      &lt;AccessLevelMapping NotesAccessLevel="Reader" SharePointPermissionLevel="Read" SharePointGroup="{Visitors}" /&gt;
      &lt;AccessLevelMapping NotesAccessLevel="Author" SharePointPermissionLevel="Read" SharePointGroup="{Visitors}" /&gt;
      &lt;AccessLevelMapping NotesAccessLevel="Editor" SharePointPermissionLevel="Contribute" SharePointGroup="{Members}" /&gt;
      &lt;AccessLevelMapping NotesAccessLevel="Designer" SharePointPermissionLevel="Design" SharePointGroup="{Members}" /&gt;
      &lt;AccessLevelMapping NotesAccessLevel="Manager" SharePointPermissionLevel="Full Control" SharePointGroup="{Owners}" /&gt;
      &lt;AccessLevelMapping NotesAccessLevel="Can Create" /&gt;
      &lt;AccessLevelMapping NotesAccessLevel="Can Delete" /&gt;
    &lt;/AccessLevelMappings&gt;
    &lt;MapACLUsers&gt;false&lt;/MapACLUsers&gt;
    &lt;MapACLGroups&gt;false&lt;/MapACLGroups&gt;
    &lt;MapACLRoles /&gt;
  &lt;/SecurityMapping&gt;
  &lt;SharePointTargetDefinition Name="DPM PAMS v2.1" Description="Admin/Keyword" Templates="" SharePointTemplates="Custom List"&gt;
    &lt;ExtractIcons&gt;false&lt;/ExtractIcons&gt;
    &lt;IsDocLib&gt;false&lt;/IsDocLib&gt;
    &lt;IsDiscussion&gt;false&lt;/IsDiscussion&gt;
    &lt;IsEvents&gt;false&lt;/IsEvents&gt;
    &lt;AllowAttachments&gt;false&lt;/AllowAttachments&gt;
    &lt;Field Name="Keyword Name" Type="Text" NotesItems="KeywordType" /&gt;
    &lt;Field Name="Keyword SBU" Type="Text" NotesItems="SBU" /&gt;
    &lt;Field Name="Platform" Type="Text" NotesItems="Platform" /&gt;
    &lt;Field Name="Keyword" Type="Text" NotesItems="Keyword" IsTitleField="true" /&gt;
    &lt;Field Name="Name" Type="Text" NotesItems="Keyword_1" /&gt;
    &lt;Field Name="Keyword Comments" Type="Text" NotesItems="KeywordComments" /&gt;
    &lt;Field Name="DocAuthor" Type="Text" NotesItems="DocAuthor" /&gt;
    &lt;Field Name="Creator" Type="Text" NotesItems="Creator" /&gt;
    &lt;Field Name="Folder" Type="Folder" /&gt;
    &lt;Field Name="Group" Type="Calculated" Formula="=IF(NOT([Keyword Name]= &amp;quot;&amp;quot;), [Keyword Name], [Keyword Name] + &amp;quot;-&amp;quot; + [Keyword SBU])" /&gt;
    &lt;Field Name="Title" Type="Text" NotesItems="Subject;Title" /&gt;
    &lt;ViewsOverwriteExisting&gt;false&lt;/ViewsOverwriteExisting&gt;
    &lt;View Name="By Keywords" IsDefault="true"&gt;
      &lt;Column&gt;Title (linked to item)&lt;/Column&gt;
      &lt;Column&gt;Group&lt;/Column&gt;
      &lt;Column&gt;Name&lt;/Column&gt;
      &lt;Column&gt;Keyword Comments&lt;/Column&gt;
      &lt;OrderColumn1Name /&gt;
      &lt;OrderColumn1Ascending&gt;true&lt;/OrderColumn1Ascending&gt;
      &lt;OrderColumn2Name /&gt;
      &lt;OrderColumn2Ascending&gt;false&lt;/OrderColumn2Ascending&gt;
      &lt;SortOnlyBySpecifiedCriteria&gt;false&lt;/SortOnlyBySpecifiedCriteria&gt;
      &lt;GroupByColumn1Name&gt;Group&lt;/GroupByColumn1Name&gt;
      &lt;GroupByColumn1Ascending&gt;true&lt;/GroupByColumn1Ascending&gt;
      &lt;GroupByColumn2Name /&gt;
      &lt;GroupByColumn2Ascending&gt;false&lt;/GroupByColumn2Ascending&gt;
      &lt;ExpandGroups&gt;false&lt;/ExpandGroups&gt;
      &lt;GroupsPerPage&gt;100&lt;/GroupsPerPage&gt;
      &lt;IsFiltered&gt;false&lt;/IsFiltered&gt;
      &lt;ShowItemsInsideTheirFolders&gt;true&lt;/ShowItemsInsideTheirFolders&gt;
      &lt;FolderOption&gt;InAllFolders&lt;/FolderOption&gt;
      &lt;NumberItemsToDisplay&gt;100&lt;/NumberItemsToDisplay&gt;
      &lt;DisplayItemsInBatches&gt;true&lt;/DisplayItemsInBatches&gt;
      &lt;FolderContentType /&gt;
    &lt;/View&gt;
  &lt;/SharePointTargetDefinition&gt;
  &lt;Mapping Destination="Creator" SourceValue="Creator" /&gt;
  &lt;Mapping Destination="DocAuthor" SourceValue="DocAuthor" /&gt;
  &lt;Mapping Destination="Keyword" SourceValue="Keyword" /&gt;
  &lt;Mapping Destination="Platform" SourceValue="Platform" /&gt;
  &lt;Mapping Destination="Keyword Comments" SourceValue="KeywordComments" /&gt;
  &lt;Mapping Destination="Keyword Name" SourceValue="KeywordType" /&gt;
  &lt;Mapping Destination="Keyword SBU" SourceValue="SBU" /&gt;
  &lt;Mapping Destination="Name" SourceValue="Keyword_1" /&gt;
&lt;/TransferJob&gt;</message>
    <stackTrace />
  </entry>
  <entry date="2017-01-19T01:41:23.838876Z" severity="General" stage="General">
    <context>Global Options</context>
    <message>&lt;?xml version="1.0" encoding="utf-8"?&gt;
&lt;Options xmlns:xsi="http://www.w3.org/2001/XMLSchema-instance" xmlns:xsd="http://www.w3.org/2001/XMLSchema"&gt;
  &lt;m_maxGroupSize&gt;100&lt;/m_maxGroupSize&gt;
  &lt;DatabaseDispositions&gt;
    &lt;Disposition Name="" DispositionType="Undecided" /&gt;
    &lt;Disposition Name="Migrate to standard SharePoint targets" DispositionType="Migrate to SharePoint" /&gt;
    &lt;Disposition Name="Migrate to customized SharePoint targets" DispositionType="Migrate to SharePoint" /&gt;
    &lt;Disposition Name="Migrate to developed SharePoint targets" DispositionType="Migrate to SharePoint" /&gt;
    &lt;Disposition Name="Leave in place" DispositionType="Leave in place" /&gt;
    &lt;Disposition Name="End-of-life" DispositionType="Delete" /&gt;
    &lt;Disposition Name="Delete" DispositionType="Delete" /&gt;
  &lt;/DatabaseDispositions&gt;
  &lt;LogFilesPath&gt;D:\FPT\QUEST-FILES\Log Files&lt;/LogFilesPath&gt;
  &lt;DesignCopyPath&gt;C:\ProgramData\Quest Software\Notes Migrator For SharePoint\6.0\Design Copies&lt;/DesignCopyPath&gt;
  &lt;IdentityMappingOptions&gt;
    &lt;IdentityMappingType&gt;Users&lt;/IdentityMappingType&gt;
    &lt;IdentityLookupMode&gt;MappingFileLookup&lt;/IdentityLookupMode&gt;
    &lt;NotesIdPassword&gt;kq8cfRVf71FkIjZYrwYt6g==&lt;/NotesIdPassword&gt;
    &lt;LookupCache /&gt;
    &lt;MappingFile&gt;
      &lt;Path&gt;C:\Users\nghie\Desktop\DPM PAMS v2.1\Migration User Mapping\dpmpamV21.xml&lt;/Path&gt;
    &lt;/MappingFile&gt;
    &lt;NotesDatabase&gt;
      &lt;DatabasePath&gt;UserMapping.nsf&lt;/DatabasePath&gt;
    &lt;/NotesDatabase&gt;
    &lt;DominoDirectory&gt;
      &lt;FromNotesNameView&gt;$Users&lt;/FromNotesNameView&gt;
      &lt;FromNotesNameItem&gt;WindowsName&lt;/FromNotesNameItem&gt;
      &lt;FromDomainNameView&gt;ByWindowsLogin&lt;/FromDomainNameView&gt;
      &lt;FromDomainNameItem&gt;FullName&lt;/FromDomainNameItem&gt;
    &lt;/DominoDirectory&gt;
    &lt;Adsi&gt;
      &lt;AdsiLoginPassword&gt;4GE1ctUMvPk=&lt;/AdsiLoginPassword&gt;
      &lt;AdsiFromDomainNameQuery&gt;(&amp;amp;(ObjectClass=Person)(distinguishedName={0}))&lt;/AdsiFromDomainNameQuery&gt;
      &lt;AdsiFromNotesNameQuery&gt;(&amp;amp;(ObjectClass=Person)(distinguishedName={0}))&lt;/AdsiFromNotesNameQuery&gt;
    &lt;/Adsi&gt;
  &lt;/IdentityMappingOptions&gt;
  &lt;GroupIdentityMappingOptions&gt;
    &lt;IdentityMappingType&gt;Groups&lt;/IdentityMappingType&gt;
    &lt;NotesIdPassword&gt;kq8cfRVf71FkIjZYrwYt6g==&lt;/NotesIdPassword&gt;
    &lt;LookupCache /&gt;
    &lt;MappingFile&gt;
      &lt;Path&gt;GroupMapping.xml&lt;/Path&gt;
    &lt;/MappingFile&gt;
    &lt;NotesDatabase&gt;
      &lt;DatabasePath&gt;GroupMapping.nsf&lt;/DatabasePath&gt;
    &lt;/NotesDatabase&gt;
    &lt;DominoDirectory&gt;
      &lt;FromNotesNameView&gt;$Groups&lt;/FromNotesNameView&gt;
      &lt;FromNotesNameItem&gt;WindowsName&lt;/FromNotesNameItem&gt;
      &lt;FromDomainNameView&gt;ByWindowsGroup&lt;/FromDomainNameView&gt;
      &lt;FromDomainNameItem&gt;ListName&lt;/FromDomainNameItem&gt;
    &lt;/DominoDirectory&gt;
    &lt;Adsi&gt;
      &lt;AdsiLoginPassword&gt;4GE1ctUMvPk=&lt;/AdsiLoginPassword&gt;
      &lt;AdsiFromDomainNameQuery&gt;(&amp;amp;(ObjectClass=Group)(distinguishedName={0}))&lt;/AdsiFromDomainNameQuery&gt;
      &lt;AdsiFromNotesNameQuery&gt;(&amp;amp;(ObjectClass=Group)(distinguishedName={0}))&lt;/AdsiFromNotesNameQuery&gt;
    &lt;/Adsi&gt;
  &lt;/GroupIdentityMappingOptions&gt;
  &lt;LinkTrackingOptions /&gt;
  &lt;ReportingOptions /&gt;
  &lt;BlockedExtensions&gt;ade|adp|app|asa|ashx|asmx|asp|bas|bat|cdx|cer|chm|class|cmd|cnt|com|config|cpl|crt|csh|der|dll|exe|fxp|gadget|hlp|hpj|hta|htr|htw|ida|idc|idq|ins|isp|its|jse|ksh|lnk|mad|maf|mag|mam|maq|mar|mas|mat|mau|mav|maw|mda|mdb|mde|mdt|mdw|mdz|msc|msh|msh1|msh1xml|msh2|msh2xml|mshxml|msi|msp|mst|ops|pcd|pif|prf|prg|printer|ps1|ps1xml|ps2|ps2xml|psc1|psc2|pst|reg|rem|scf|scr|sct|shb|shs|shtm|shtml|soap|stm|url|vb|vbe|vbs|ws|wsc|wsf|wsh&lt;/BlockedExtensions&gt;
  &lt;SharePointEnvironments&gt;
    &lt;SharePointEnvironment Name="Default" IsDefault="true" EnvironmentType="RemoteWebServicesClassicModeAuthentication"&gt;
      &lt;Settings xsi:type="ClientWebServicesEnvironmentSettings"&gt;
        &lt;CredentialsExpirationInterval&gt;0&lt;/CredentialsExpirationInterval&gt;
      &lt;/Settings&gt;
    &lt;/SharePointEnvironment&gt;
  &lt;/SharePointEnvironments&gt;
  &lt;ScanCatalogs&gt;false&lt;/ScanCatalogs&gt;
  &lt;ScanServers&gt;false&lt;/ScanServers&gt;
  &lt;MasterCatalog&gt;
    &lt;CatalogServer /&gt;
    &lt;CatalogPath&gt;QuestRepository.nsf&lt;/CatalogPath&gt;
  &lt;/MasterCatalog&gt;
  &lt;ReadOnlyRepository&gt;false&lt;/ReadOnlyRepository&gt;
  &lt;CatalogUpdateMachine /&gt;
  &lt;CatalogDatabases /&gt;
  &lt;ScanLocations /&gt;
  &lt;ExcludeServers /&gt;
  &lt;ExcludeTemplates /&gt;
  &lt;ExcludeClasses /&gt;
  &lt;ExcludeCategories /&gt;
  &lt;ExcludeFiles /&gt;
  &lt;ExcludeFolders /&gt;
  &lt;ExcludeUserNames /&gt;
  &lt;PreferredNotesServers /&gt;
  &lt;PreferredQuickPlaceServers /&gt;
  &lt;PreferredQuickrServers /&gt;
  &lt;PreferredDominoDocServers /&gt;
  &lt;DefaultDirectoryServer /&gt;
  &lt;MaxGroupSize&gt;100&lt;/MaxGroupSize&gt;
  &lt;PreferredDirectoryServers /&gt;
  &lt;EnableLinkTranslations&gt;false&lt;/EnableLinkTranslations&gt;
  &lt;LinkTranslations /&gt;
  &lt;CustomReportingDays&gt;0&lt;/CustomReportingDays&gt;
  &lt;MaxAnalysisTimeMinutes&gt;20&lt;/MaxAnalysisTimeMinutes&gt;
  &lt;ResponsibilityAssignmentNames /&gt;
  &lt;ComplexityDEIWeight&gt;5&lt;/ComplexityDEIWeight&gt;
  &lt;ComplexityDEIAverage&gt;true&lt;/ComplexityDEIAverage&gt;
  &lt;ComplexityDataWeight&gt;3&lt;/ComplexityDataWeight&gt;
  &lt;ComplexityDesignWeight&gt;0&lt;/ComplexityDesignWeight&gt;
  &lt;ComplexityDesignDelta&gt;true&lt;/ComplexityDesignDelta&gt;
  &lt;EffortUnitsLabel&gt;hours&lt;/EffortUnitsLabel&gt;
  &lt;SetDataAnalyzed&gt;true&lt;/SetDataAnalyzed&gt;
  &lt;SetDesignAnalyzed&gt;true&lt;/SetDesignAnalyzed&gt;
  &lt;SetTargetsIdentified&gt;true&lt;/SetTargetsIdentified&gt;
  &lt;SetJobsAssigned&gt;true&lt;/SetJobsAssigned&gt;
  &lt;SetContentMigrated&gt;true&lt;/SetContentMigrated&gt;
  &lt;ShowSetupWizardOnStartup&gt;true&lt;/ShowSetupWizardOnStartup&gt;
&lt;/Options&gt;</message>
    <stackTrace />
  </entry>
  <entry date="2017-01-19T01:41:23.8418761Z" severity="General" stage="General">
    <context>User Options</context>
    <message>&lt;?xml version="1.0" encoding="utf-8"?&gt;
&lt;UserOptions xmlns:xsi="http://www.w3.org/2001/XMLSchema-instance" xmlns:xsd="http://www.w3.org/2001/XMLSchema"&gt;
  &lt;AllowClearList&gt;true&lt;/AllowClearList&gt;
  &lt;DefaultUserMappingFailureSubstitution&gt;DefaultIdentity&lt;/DefaultUserMappingFailureSubstitution&gt;
  &lt;DefaultUserMappingUserName&gt;dupontnet\sb1654&lt;/DefaultUserMappingUserName&gt;
  &lt;SharePointCredentialsForEnvironments&gt;
    &lt;SharePointCredentialsForEnvironment environment="Default"&gt;
      &lt;SharePointCredentials&gt;
        &lt;UseWindowsAuthentication&gt;false&lt;/UseWindowsAuthentication&gt;
        &lt;LogonName&gt;dupontnet\gw3274n&lt;/LogonName&gt;
        &lt;Password&gt;18YdID5AhjnE2uloTm11tTLiEmF/B7f8&lt;/Password&gt;
        &lt;CookiesAcquired&gt;2017-01-10T14:52:26.7982001-08:00&lt;/CookiesAcquired&gt;
      &lt;/SharePointCredentials&gt;
    &lt;/SharePointCredentialsForEnvironment&gt;
  &lt;/SharePointCredentialsForEnvironments&gt;
  &lt;NotesQueryOptions&gt;
    &lt;IniFile /&gt;
    &lt;Password&gt;kq8cfRVf71FkIjZYrwYt6g==&lt;/Password&gt;
    &lt;StrictDataExtraction&gt;false&lt;/StrictDataExtraction&gt;
    &lt;CacheSize&gt;0&lt;/CacheSize&gt;
    &lt;DefaultNotesServer /&gt;
    &lt;DefaultQuickPlaceServer /&gt;
    &lt;DefaultQuickrServer /&gt;
    &lt;DefaultDominoDocServer /&gt;
  &lt;/NotesQueryOptions&gt;
  &lt;AtomQueryOptions&gt;
    &lt;User /&gt;
    &lt;Password /&gt;
    &lt;CacheSize&gt;0&lt;/CacheSize&gt;
    &lt;ConnectionsProfileServiceUrl /&gt;
    &lt;ConnectionsDiscoveryAddress /&gt;
  &lt;/AtomQueryOptions&gt;
  &lt;CustomViews /&gt;
  &lt;ServerNodes /&gt;
  &lt;DispositionNodes /&gt;
  &lt;TechnicalClassNodes /&gt;
  &lt;BusinessClassNodes /&gt;
&lt;/UserOptions&gt;</message>
    <stackTrace />
  </entry>
  <entry date="2017-01-19T01:41:23.8463759Z" severity="General" stage="General">
    <context>License</context>
    <message>[Notes Migrator for SharePoint]
Product name=Notes Migrator for SharePoint
Edition=Premier
License=126-233-810
Version=6.x
License Type=Ongoing
AboutText=Product: Notes Migrator for SharePoint%0D%0AVersion: 6.x%0D%0A%0D%0ALicense Number: 126-233-810%0D%0A%0D%0AEdition: Premier%0D%0A%0D%0ADatabases: 900%0D%0A%0D%0ALicense Type: Ongoing%0D%0A%0D%0A
Databases=900
Signature=B8952D63EFE9FADD6714B86C93B567BBE8F3D367B49BAD10D773121259BA980C2DC2442A89703D54EAE0BA9784611E5B916832338F7E63D8F395022BF091274F
Installation Time=1484083714
Product Installation Time=1561090288</message>
    <stackTrace />
  </entry>
  <entry date="2017-01-19T01:41:23.8473766Z" severity="General" stage="General">
    <context>SharePoint Environment</context>
    <message>Using SharePointEnvironment 'Default'</message>
    <stackTrace />
  </entry>
  <entry date="2017-01-19T01:41:23.8508772Z" severity="Informational" stage="General">
    <context>Reading Source data</context>
    <message />
    <stackTrace />
  </entry>
  <entry date="2017-01-19T01:41:23.8508772Z" severity="Informational" stage="Query">
    <context>QueryNotesData</context>
    <message>Begin query</message>
    <stackTrace />
  </entry>
  <entry date="2017-01-19T01:41:23.8648762Z" severity="Informational" stage="General">
    <context>Notes Build</context>
    <message>805.03</message>
    <stackTrace />
  </entry>
  <entry date="2017-01-19T01:41:23.865376Z" severity="Informational" stage="General">
    <context>Notes User</context>
    <message>Ngo Nghiep/Contractor/AE/DuPont</message>
    <stackTrace />
  </entry>
  <entry date="2017-01-19T01:41:23.8814076Z" severity="Informational" stage="Query">
    <context>QueryNotesData</context>
    <message>Begin query</message>
    <stackTrace />
  </entry>
  <entry date="2017-01-19T01:41:23.8974024Z" severity="Informational" stage="General">
    <context>Writing SharePoint data</context>
    <message />
    <stackTrace />
  </entry>
  <entry date="2017-01-19T01:41:44.1836296Z" severity="Informational" stage="Write">
    <context>Accessing SharePoint Web</context>
    <message>https://teamssv.dupont.com/sites/teams_Kevlar_Expansion/temp_nghiep</message>
    <stackTrace />
  </entry>
  <entry date="2017-01-19T01:41:54.2525413Z" severity="Informational" stage="Write">
    <context>Accessing SharePoint List</context>
    <message>Admin/Keyword</message>
    <stackTrace />
  </entry>
  <entry date="2017-01-19T01:41:58.2323616Z" severity="Informational" stage="Write">
    <rec>1</rec>
    <context>Processing Notes Document</context>
    <unid>1f96eaf05aa8ed2285257607006933d2</unid>
    <documentUrl>notes:///862580aa00576093/0/1f96eaf05aa8ed2285257607006933d2</documentUrl>
    <message>1f96eaf05aa8ed2285257607006933d2</message>
    <stackTrace />
  </entry>
  <entry date="2017-01-19T01:42:05.6581947Z" severity="Informational" stage="Write">
    <rec>1</rec>
    <context>Map User</context>
    <unid>1f96eaf05aa8ed2285257607006933d2</unid>
    <documentUrl>notes:///862580aa00576093/0/1f96eaf05aa8ed2285257607006933d2</documentUrl>
    <message>Input name 'CN=Cherie Stancik/OU=AE/O=DuPont' mapped to Windows login 'DUPONTNET\lf1657' (NOT CACHED)</message>
    <stackTrace />
  </entry>
  <entry date="2017-01-19T01:42:10.2397792Z" severity="Informational" stage="Write">
    <rec>1</rec>
    <context>Map User</context>
    <unid>1f96eaf05aa8ed2285257607006933d2</unid>
    <documentUrl>notes:///862580aa00576093/0/1f96eaf05aa8ed2285257607006933d2</documentUrl>
    <message>User mapping failed for 'CN=Cherie Stancik/OU=AE/O=DuPont' (Created By): Could not find Windows Principal for user='DUPONTNET\lf1657', email=''. 
Defaulting to user 'dupontnet\sb1654'.</message>
    <stackTrace />
  </entry>
  <entry date="2017-01-19T01:42:10.2403197Z" severity="Informational" stage="Write">
    <rec>1</rec>
    <context>Map User</context>
    <unid>1f96eaf05aa8ed2285257607006933d2</unid>
    <documentUrl>notes:///862580aa00576093/0/1f96eaf05aa8ed2285257607006933d2</documentUrl>
    <message>Input name 'CN=Cherie Stancik/OU=AE/O=DuPont' mapped to Windows login 'dupontnet\sb1654' (NOT CACHED)</message>
    <stackTrace />
  </entry>
  <entry date="2017-01-19T01:42:12.3276401Z" severity="Informational" stage="Write">
    <rec>1</rec>
    <context>Map User</context>
    <unid>1f96eaf05aa8ed2285257607006933d2</unid>
    <documentUrl>notes:///862580aa00576093/0/1f96eaf05aa8ed2285257607006933d2</documentUrl>
    <message>Found Windows Principal from name 'dupontnet\sb1654' with email='PAULA.BEYER.HIETPAS@dupont.com', display name='HIETPAS, PAULA BEYER', type='User'</message>
    <stackTrace />
  </entry>
  <entry date="2017-01-19T01:42:12.3276401Z" severity="Informational" stage="Write">
    <rec>1</rec>
    <context>Map User</context>
    <unid>1f96eaf05aa8ed2285257607006933d2</unid>
    <documentUrl>notes:///862580aa00576093/0/1f96eaf05aa8ed2285257607006933d2</documentUrl>
    <message>Creating new Site Collection User 'HIETPAS, PAULA BEYER' with Windows login 'i:0#.w|dupontnet\sb1654' and Email 'PAULA.BEYER.HIETPAS@dupont.com'</message>
    <stackTrace />
  </entry>
  <entry date="2017-01-19T01:42:14.364427Z" severity="Informational" stage="Write">
    <rec>1</rec>
    <context>Map User</context>
    <unid>1f96eaf05aa8ed2285257607006933d2</unid>
    <documentUrl>notes:///862580aa00576093/0/1f96eaf05aa8ed2285257607006933d2</documentUrl>
    <message>Created Site Collection User number '34' with login='i:0#.w|dupontnet\sb1654', name='HIETPAS, PAULA BEYER', email='PAULA.BEYER.HIETPAS@dupont.com'</message>
    <stackTrace />
  </entry>
  <entry date="2017-01-19T01:42:14.3664114Z" severity="Informational" stage="Write">
    <rec>1</rec>
    <context>Map User</context>
    <unid>1f96eaf05aa8ed2285257607006933d2</unid>
    <documentUrl>notes:///862580aa00576093/0/1f96eaf05aa8ed2285257607006933d2</documentUrl>
    <message>Input name 'CN=CDCLN88/OU=SRV/O=DuPont_Appl' mapped to Windows login 'DUPONTNET\sb1654' (NOT CACHED)</message>
    <stackTrace />
  </entry>
  <entry date="2017-01-19T01:42:16.5633002Z" severity="Informational" stage="Write">
    <rec>1</rec>
    <context>Map User</context>
    <unid>1f96eaf05aa8ed2285257607006933d2</unid>
    <documentUrl>notes:///862580aa00576093/0/1f96eaf05aa8ed2285257607006933d2</documentUrl>
    <message>Found Windows Principal from name 'DUPONTNET\sb1654' with email='PAULA.BEYER.HIETPAS@dupont.com', display name='HIETPAS, PAULA BEYER', type='User'</message>
    <stackTrace />
  </entry>
  <entry date="2017-01-19T01:42:16.5643534Z" severity="Informational" stage="Write">
    <rec>1</rec>
    <context>Map User</context>
    <unid>1f96eaf05aa8ed2285257607006933d2</unid>
    <documentUrl>notes:///862580aa00576093/0/1f96eaf05aa8ed2285257607006933d2</documentUrl>
    <message>Creating new Site Collection User 'HIETPAS, PAULA BEYER' with Windows login 'i:0#.w|dupontnet\sb1654' and Email 'PAULA.BEYER.HIETPAS@dupont.com'</message>
    <stackTrace />
  </entry>
  <entry date="2017-01-19T01:42:18.4403958Z" severity="Informational" stage="Write">
    <rec>1</rec>
    <context>Map User</context>
    <unid>1f96eaf05aa8ed2285257607006933d2</unid>
    <documentUrl>notes:///862580aa00576093/0/1f96eaf05aa8ed2285257607006933d2</documentUrl>
    <message>Created Site Collection User number '34' with login='i:0#.w|dupontnet\sb1654', name='HIETPAS, PAULA BEYER', email='PAULA.BEYER.HIETPAS@dupont.com'</message>
    <stackTrace />
  </entry>
  <entry date="2017-01-19T01:42:20.538211Z" severity="Informational" stage="Write">
    <rec>1</rec>
    <context>Finished writing List items</context>
    <message>Written=1</message>
    <stackTrace />
  </entry>
  <summary date="2017-01-19T01:41:23.8199356Z">
    <job name="Admin-Keyword" />
    <source type="Notes" location="database=C:\\Users\\nghie\\Desktop\\DPM PAMS v2.1\\dpmpamV21.nsf; server=local;" />
    <target webUrl="https://teamssv.dupont.com/sites/teams_Kevlar_Expansion/temp_nghiep/" list="Admin/Keyword" />
    <results documentsRead="1" documentsWritten="1" errorCount="0" warningCount="0" />
  </summary>
</log>